{"/Users/lgy/Documents/Own/gyblog-wxapp/apis/auth.js":{"path":"/Users/lgy/Documents/Own/gyblog-wxapp/apis/auth.js","statementMap":{"0":{"start":{"line":1,"column":22},"end":{"line":1,"column":46}},"1":{"start":{"line":3,"column":0},"end":{"line":22,"column":1}},"2":{"start":{"line":14,"column":2},"end":{"line":21,"column":4}}},"fnMap":{"0":{"name":"(anonymous_0)","decl":{"start":{"line":3,"column":17},"end":{"line":3,"column":18}},"loc":{"start":{"line":3,"column":45},"end":{"line":22,"column":1}},"line":3}},"branchMap":{},"s":{"0":0,"1":0,"2":0},"f":{"0":0},"b":{}},"/Users/lgy/Documents/Own/gyblog-wxapp/apis/post.js":{"path":"/Users/lgy/Documents/Own/gyblog-wxapp/apis/post.js","statementMap":{"0":{"start":{"line":1,"column":20},"end":{"line":1,"column":44}},"1":{"start":{"line":3,"column":0},"end":{"line":25,"column":1}},"2":{"start":{"line":17,"column":2},"end":{"line":24,"column":4}},"3":{"start":{"line":27,"column":0},"end":{"line":41,"column":1}},"4":{"start":{"line":28,"column":2},"end":{"line":40,"column":4}},"5":{"start":{"line":35,"column":6},"end":{"line":35,"column":29}},"6":{"start":{"line":38,"column":6},"end":{"line":38,"column":25}}},"fnMap":{"0":{"name":"(anonymous_0)","decl":{"start":{"line":3,"column":19},"end":{"line":3,"column":20}},"loc":{"start":{"line":3,"column":47},"end":{"line":25,"column":1}},"line":3},"1":{"name":"(anonymous_1)","decl":{"start":{"line":27,"column":18},"end":{"line":27,"column":19}},"loc":{"start":{"line":27,"column":46},"end":{"line":41,"column":1}},"line":27},"2":{"name":"(anonymous_2)","decl":{"start":{"line":34,"column":13},"end":{"line":34,"column":14}},"loc":{"start":{"line":34,"column":20},"end":{"line":36,"column":5}},"line":34},"3":{"name":"(anonymous_3)","decl":{"start":{"line":37,"column":10},"end":{"line":37,"column":11}},"loc":{"start":{"line":37,"column":17},"end":{"line":39,"column":5}},"line":37}},"branchMap":{"0":{"loc":{"start":{"line":35,"column":6},"end":{"line":35,"column":29}},"type":"binary-expr","locations":[{"start":{"line":35,"column":6},"end":{"line":35,"column":13}},{"start":{"line":35,"column":17},"end":{"line":35,"column":29}}],"line":35},"1":{"loc":{"start":{"line":38,"column":6},"end":{"line":38,"column":25}},"type":"binary-expr","locations":[{"start":{"line":38,"column":6},"end":{"line":38,"column":11}},{"start":{"line":38,"column":15},"end":{"line":38,"column":25}}],"line":38}},"s":{"0":0,"1":0,"2":0,"3":0,"4":0,"5":0,"6":0},"f":{"0":0,"1":0,"2":0,"3":0},"b":{"0":[0,0],"1":[0,0]}},"/Users/lgy/Documents/Own/gyblog-wxapp/app.js":{"path":"/Users/lgy/Documents/Own/gyblog-wxapp/app.js","statementMap":{"0":{"start":{"line":2,"column":0},"end":{"line":43,"column":2}},"1":{"start":{"line":4,"column":4},"end":{"line":13,"column":5}},"2":{"start":{"line":5,"column":17},"end":{"line":5,"column":43}},"3":{"start":{"line":6,"column":6},"end":{"line":10,"column":7}},"4":{"start":{"line":7,"column":8},"end":{"line":9,"column":10}},"5":{"start":{"line":12,"column":6},"end":{"line":12,"column":22}},"6":{"start":{"line":25,"column":15},"end":{"line":25,"column":19}},"7":{"start":{"line":26,"column":4},"end":{"line":37,"column":5}},"8":{"start":{"line":27,"column":6},"end":{"line":27,"column":61}},"9":{"start":{"line":30,"column":6},"end":{"line":36,"column":8}},"10":{"start":{"line":33,"column":10},"end":{"line":33,"column":49}},"11":{"start":{"line":34,"column":10},"end":{"line":34,"column":65}}},"fnMap":{"0":{"name":"(anonymous_0)","decl":{"start":{"line":24,"column":15},"end":{"line":24,"column":16}},"loc":{"start":{"line":24,"column":28},"end":{"line":38,"column":3}},"line":24},"1":{"name":"(anonymous_1)","decl":{"start":{"line":32,"column":17},"end":{"line":32,"column":18}},"loc":{"start":{"line":32,"column":31},"end":{"line":35,"column":9}},"line":32}},"branchMap":{"0":{"loc":{"start":{"line":6,"column":6},"end":{"line":10,"column":7}},"type":"if","locations":[{"start":{"line":6,"column":6},"end":{"line":10,"column":7}},{"start":{"line":6,"column":6},"end":{"line":10,"column":7}}],"line":6},"1":{"loc":{"start":{"line":26,"column":4},"end":{"line":37,"column":5}},"type":"if","locations":[{"start":{"line":26,"column":4},"end":{"line":37,"column":5}},{"start":{"line":26,"column":4},"end":{"line":37,"column":5}}],"line":26},"2":{"loc":{"start":{"line":27,"column":6},"end":{"line":27,"column":61}},"type":"binary-expr","locations":[{"start":{"line":27,"column":6},"end":{"line":27,"column":29}},{"start":{"line":27,"column":33},"end":{"line":27,"column":61}}],"line":27},"3":{"loc":{"start":{"line":34,"column":10},"end":{"line":34,"column":65}},"type":"binary-expr","locations":[{"start":{"line":34,"column":10},"end":{"line":34,"column":33}},{"start":{"line":34,"column":37},"end":{"line":34,"column":65}}],"line":34}},"s":{"0":0,"1":0,"2":0,"3":0,"4":0,"5":0,"6":0,"7":0,"8":0,"9":0,"10":0,"11":0},"f":{"0":0,"1":0},"b":{"0":[0,0],"1":[0,0],"2":[0,0],"3":[0,0]}},"/Users/lgy/Documents/Own/gyblog-wxapp/config.dev.js":{"path":"/Users/lgy/Documents/Own/gyblog-wxapp/config.dev.js","statementMap":{"0":{"start":{"line":1,"column":0},"end":{"line":4,"column":1}}},"fnMap":{},"branchMap":{},"s":{"0":0},"f":{},"b":{}},"/Users/lgy/Documents/Own/gyblog-wxapp/config.pro.js":{"path":"/Users/lgy/Documents/Own/gyblog-wxapp/config.pro.js","statementMap":{},"fnMap":{},"branchMap":{},"s":{},"f":{},"b":{}},"/Users/lgy/Documents/Own/gyblog-wxapp/pages/auth/signIn/signIn.js":{"path":"/Users/lgy/Documents/Own/gyblog-wxapp/pages/auth/signIn/signIn.js","statementMap":{"0":{"start":{"line":1,"column":19},"end":{"line":1,"column":48}},"1":{"start":{"line":3,"column":0},"end":{"line":46,"column":2}},"2":{"start":{"line":11,"column":4},"end":{"line":14,"column":5}},"3":{"start":{"line":12,"column":6},"end":{"line":12,"column":28}},"4":{"start":{"line":13,"column":6},"end":{"line":13,"column":12}},"5":{"start":{"line":15,"column":4},"end":{"line":18,"column":5}},"6":{"start":{"line":16,"column":6},"end":{"line":16,"column":26}},"7":{"start":{"line":17,"column":6},"end":{"line":17,"column":12}},"8":{"start":{"line":19,"column":4},"end":{"line":34,"column":6}},"9":{"start":{"line":23,"column":6},"end":{"line":31,"column":7}},"10":{"start":{"line":24,"column":8},"end":{"line":24,"column":50}},"11":{"start":{"line":25,"column":8},"end":{"line":25,"column":48}},"12":{"start":{"line":26,"column":8},"end":{"line":28,"column":10}},"13":{"start":{"line":30,"column":8},"end":{"line":30,"column":33}},"14":{"start":{"line":33,"column":6},"end":{"line":33,"column":22}},"15":{"start":{"line":37,"column":4},"end":{"line":39,"column":6}},"16":{"start":{"line":42,"column":4},"end":{"line":44,"column":6}}},"fnMap":{"0":{"name":"(anonymous_0)","decl":{"start":{"line":22,"column":7},"end":{"line":22,"column":8}},"loc":{"start":{"line":22,"column":14},"end":{"line":32,"column":5}},"line":22},"1":{"name":"(anonymous_1)","decl":{"start":{"line":32,"column":7},"end":{"line":32,"column":8}},"loc":{"start":{"line":32,"column":14},"end":{"line":34,"column":5}},"line":32}},"branchMap":{"0":{"loc":{"start":{"line":11,"column":4},"end":{"line":14,"column":5}},"type":"if","locations":[{"start":{"line":11,"column":4},"end":{"line":14,"column":5}},{"start":{"line":11,"column":4},"end":{"line":14,"column":5}}],"line":11},"1":{"loc":{"start":{"line":15,"column":4},"end":{"line":18,"column":5}},"type":"if","locations":[{"start":{"line":15,"column":4},"end":{"line":18,"column":5}},{"start":{"line":15,"column":4},"end":{"line":18,"column":5}}],"line":15},"2":{"loc":{"start":{"line":23,"column":6},"end":{"line":31,"column":7}},"type":"if","locations":[{"start":{"line":23,"column":6},"end":{"line":31,"column":7}},{"start":{"line":23,"column":6},"end":{"line":31,"column":7}}],"line":23}},"s":{"0":0,"1":0,"2":0,"3":0,"4":0,"5":0,"6":0,"7":0,"8":0,"9":0,"10":0,"11":0,"12":0,"13":0,"14":0,"15":0,"16":0},"f":{"0":0,"1":0},"b":{"0":[0,0],"1":[0,0],"2":[0,0]}},"/Users/lgy/Documents/Own/gyblog-wxapp/pages/auth/signUp/signUp.js":{"path":"/Users/lgy/Documents/Own/gyblog-wxapp/pages/auth/signUp/signUp.js","statementMap":{"0":{"start":{"line":1,"column":0},"end":{"line":7,"column":2}},"1":{"start":{"line":5,"column":4},"end":{"line":5,"column":23}}},"fnMap":{"0":{"name":"(anonymous_0)","decl":{"start":{"line":4,"column":10},"end":{"line":4,"column":11}},"loc":{"start":{"line":4,"column":22},"end":{"line":6,"column":3}},"line":4}},"branchMap":{},"s":{"0":0,"1":0},"f":{"0":0},"b":{}},"/Users/lgy/Documents/Own/gyblog-wxapp/pages/edit/edit.js":{"path":"/Users/lgy/Documents/Own/gyblog-wxapp/pages/edit/edit.js","statementMap":{"0":{"start":{"line":1,"column":10},"end":{"line":1,"column":18}},"1":{"start":{"line":2,"column":0},"end":{"line":3,"column":2}}},"fnMap":{},"branchMap":{},"s":{"0":0,"1":0},"f":{},"b":{}},"/Users/lgy/Documents/Own/gyblog-wxapp/pages/index/index.js":{"path":"/Users/lgy/Documents/Own/gyblog-wxapp/pages/index/index.js","statementMap":{"0":{"start":{"line":1,"column":21},"end":{"line":1,"column":47}},"1":{"start":{"line":2,"column":23},"end":{"line":2,"column":50}},"2":{"start":{"line":4,"column":12},"end":{"line":4,"column":20}},"3":{"start":{"line":5,"column":0},"end":{"line":47,"column":2}},"4":{"start":{"line":16,"column":4},"end":{"line":18,"column":6}},"5":{"start":{"line":21,"column":4},"end":{"line":23,"column":6}},"6":{"start":{"line":27,"column":4},"end":{"line":32,"column":6}},"7":{"start":{"line":29,"column":6},"end":{"line":31,"column":8}},"8":{"start":{"line":33,"column":4},"end":{"line":45,"column":6}},"9":{"start":{"line":34,"column":6},"end":{"line":37,"column":8}},"10":{"start":{"line":35,"column":8},"end":{"line":35,"column":51}},"11":{"start":{"line":36,"column":8},"end":{"line":36,"column":19}},"12":{"start":{"line":38,"column":6},"end":{"line":43,"column":8}},"13":{"start":{"line":44,"column":6},"end":{"line":44,"column":34}}},"fnMap":{"0":{"name":"(anonymous_0)","decl":{"start":{"line":27,"column":20},"end":{"line":27,"column":21}},"loc":{"start":{"line":27,"column":32},"end":{"line":32,"column":5}},"line":27},"1":{"name":"(anonymous_1)","decl":{"start":{"line":33,"column":17},"end":{"line":33,"column":18}},"loc":{"start":{"line":33,"column":24},"end":{"line":45,"column":5}},"line":33},"2":{"name":"(anonymous_2)","decl":{"start":{"line":34,"column":27},"end":{"line":34,"column":28}},"loc":{"start":{"line":34,"column":35},"end":{"line":37,"column":7}},"line":34}},"branchMap":{},"s":{"0":0,"1":0,"2":0,"3":0,"4":0,"5":0,"6":0,"7":0,"8":0,"9":0,"10":0,"11":0,"12":0,"13":0},"f":{"0":0,"1":0,"2":0},"b":{}},"/Users/lgy/Documents/Own/gyblog-wxapp/pages/person/person.js":{"path":"/Users/lgy/Documents/Own/gyblog-wxapp/pages/person/person.js","statementMap":{"0":{"start":{"line":1,"column":10},"end":{"line":1,"column":18}},"1":{"start":{"line":2,"column":0},"end":{"line":3,"column":2}}},"fnMap":{},"branchMap":{},"s":{"0":0,"1":0},"f":{},"b":{}},"/Users/lgy/Documents/Own/gyblog-wxapp/pages/post/post.js":{"path":"/Users/lgy/Documents/Own/gyblog-wxapp/pages/post/post.js","statementMap":{"0":{"start":{"line":1,"column":20},"end":{"line":1,"column":46}},"1":{"start":{"line":2,"column":15},"end":{"line":2,"column":53}},"2":{"start":{"line":3,"column":0},"end":{"line":21,"column":2}},"3":{"start":{"line":9,"column":4},"end":{"line":11,"column":6}},"4":{"start":{"line":12,"column":4},"end":{"line":19,"column":6}},"5":{"start":{"line":15,"column":6},"end":{"line":18,"column":8}}},"fnMap":{"0":{"name":"(anonymous_0)","decl":{"start":{"line":14,"column":7},"end":{"line":14,"column":8}},"loc":{"start":{"line":14,"column":14},"end":{"line":19,"column":5}},"line":14}},"branchMap":{},"s":{"0":0,"1":0,"2":0,"3":0,"4":0,"5":0},"f":{"0":0},"b":{}},"/Users/lgy/Documents/Own/gyblog-wxapp/pages/star/star.js":{"path":"/Users/lgy/Documents/Own/gyblog-wxapp/pages/star/star.js","statementMap":{"0":{"start":{"line":1,"column":10},"end":{"line":1,"column":18}},"1":{"start":{"line":2,"column":0},"end":{"line":3,"column":2}}},"fnMap":{},"branchMap":{},"s":{"0":0,"1":0},"f":{},"b":{}},"/Users/lgy/Documents/Own/gyblog-wxapp/plugins/wemark/remarkable.js":{"path":"/Users/lgy/Documents/Own/gyblog-wxapp/plugins/wemark/remarkable.js","statementMap":{"0":{"start":{"line":2,"column":0},"end":{"line":4,"column":29952}},"1":{"start":{"line":2,"column":13},"end":{"line":2,"column":280}},"2":{"start":{"line":2,"column":69},"end":{"line":2,"column":88}},"3":{"start":{"line":2,"column":93},"end":{"line":2,"column":280}},"4":{"start":{"line":2,"column":134},"end":{"line":2,"column":147}},"5":{"start":{"line":2,"column":158},"end":{"line":2,"column":279}},"6":{"start":{"line":2,"column":299},"end":{"line":4,"column":29949}},"7":{"start":{"line":2,"column":340},"end":{"line":2,"column":640}},"8":{"start":{"line":2,"column":350},"end":{"line":2,"column":526}},"9":{"start":{"line":2,"column":366},"end":{"line":2,"column":401}},"10":{"start":{"line":2,"column":402},"end":{"line":2,"column":426}},"11":{"start":{"line":2,"column":411},"end":{"line":2,"column":426}},"12":{"start":{"line":2,"column":426},"end":{"line":2,"column":446}},"13":{"start":{"line":2,"column":431},"end":{"line":2,"column":446}},"14":{"start":{"line":2,"column":452},"end":{"line":2,"column":491}},"15":{"start":{"line":2,"column":492},"end":{"line":2,"column":525}},"16":{"start":{"line":2,"column":532},"end":{"line":2,"column":549}},"17":{"start":{"line":2,"column":550},"end":{"line":2,"column":639}},"18":{"start":{"line":2,"column":591},"end":{"line":2,"column":601}},"19":{"start":{"line":2,"column":602},"end":{"line":2,"column":617}},"20":{"start":{"line":2,"column":640},"end":{"line":2,"column":659}},"21":{"start":{"line":2,"column":660},"end":{"line":2,"column":733}},"22":{"start":{"line":2,"column":725},"end":{"line":2,"column":733}},"23":{"start":{"line":2,"column":733},"end":{"line":2,"column":741}},"24":{"start":{"line":2,"column":776},"end":{"line":2,"column":25648}},"25":{"start":{"line":2,"column":25692},"end":{"line":2,"column":25694}},"26":{"start":{"line":2,"column":25695},"end":{"line":2,"column":26114}},"27":{"start":{"line":2,"column":26093},"end":{"line":2,"column":26100}},"28":{"start":{"line":2,"column":26168},"end":{"line":2,"column":26270}},"29":{"start":{"line":2,"column":26210},"end":{"line":2,"column":26269}},"30":{"start":{"line":2,"column":26277},"end":{"line":2,"column":26305}},"31":{"start":{"line":2,"column":26308},"end":{"line":2,"column":26329}},"32":{"start":{"line":2,"column":26332},"end":{"line":2,"column":26341}},"33":{"start":{"line":2,"column":26344},"end":{"line":2,"column":26353}},"34":{"start":{"line":2,"column":26356},"end":{"line":2,"column":26455}},"35":{"start":{"line":2,"column":26458},"end":{"line":2,"column":26534}},"36":{"start":{"line":2,"column":26537},"end":{"line":2,"column":26597}},"37":{"start":{"line":2,"column":26600},"end":{"line":2,"column":26629}},"38":{"start":{"line":2,"column":26632},"end":{"line":2,"column":26658}},"39":{"start":{"line":2,"column":26661},"end":{"line":2,"column":26674}},"40":{"start":{"line":2,"column":26677},"end":{"line":2,"column":26696}},"41":{"start":{"line":2,"column":26699},"end":{"line":2,"column":26743}},"42":{"start":{"line":2,"column":26746},"end":{"line":2,"column":26899}},"43":{"start":{"line":2,"column":26900},"end":{"line":2,"column":26923}},"44":{"start":{"line":2,"column":26961},"end":{"line":2,"column":28338}},"45":{"start":{"line":2,"column":28390},"end":{"line":2,"column":28430}},"46":{"start":{"line":2,"column":28445},"end":{"line":2,"column":28475}},"47":{"start":{"line":2,"column":28492},"end":{"line":2,"column":28515}},"48":{"start":{"line":2,"column":28536},"end":{"line":2,"column":28562}},"49":{"start":{"line":2,"column":28563},"end":{"line":2,"column":28711}},"50":{"start":{"line":2,"column":28592},"end":{"line":2,"column":28707}},"51":{"start":{"line":2,"column":28598},"end":{"line":2,"column":28660}},"52":{"start":{"line":2,"column":28620},"end":{"line":2,"column":28660}},"53":{"start":{"line":2,"column":28660},"end":{"line":2,"column":28706}},"54":{"start":{"line":2,"column":28695},"end":{"line":2,"column":28704}},"55":{"start":{"line":2,"column":28726},"end":{"line":2,"column":28770}},"56":{"start":{"line":2,"column":28785},"end":{"line":2,"column":28949}},"57":{"start":{"line":2,"column":28964},"end":{"line":2,"column":29054}},"58":{"start":{"line":2,"column":28976},"end":{"line":2,"column":28985}},"59":{"start":{"line":2,"column":28991},"end":{"line":2,"column":29004}},"60":{"start":{"line":2,"column":29007},"end":{"line":2,"column":29021}},"61":{"start":{"line":2,"column":29022},"end":{"line":2,"column":29053}},"62":{"start":{"line":2,"column":29054},"end":{"line":2,"column":29083}},"63":{"start":{"line":2,"column":29106},"end":{"line":2,"column":29107}},"64":{"start":{"line":2,"column":29108},"end":{"line":2,"column":29248}},"65":{"start":{"line":2,"column":29263},"end":{"line":2,"column":29303}},"66":{"start":{"line":2,"column":29318},"end":{"line":2,"column":29329}},"67":{"start":{"line":2,"column":29344},"end":{"line":2,"column":29377}},"68":{"start":{"line":2,"column":29384},"end":{"line":2,"column":29415}},"69":{"start":{"line":2,"column":29418},"end":{"line":2,"column":29462}},"70":{"start":{"line":2,"column":29465},"end":{"line":2,"column":29493}},"71":{"start":{"line":2,"column":29496},"end":{"line":2,"column":29532}},"72":{"start":{"line":2,"column":29535},"end":{"line":2,"column":29550}},"73":{"start":{"line":2,"column":29553},"end":{"line":2,"column":29561}},"74":{"start":{"line":2,"column":29564},"end":{"line":2,"column":29573}},"75":{"start":{"line":2,"column":29576},"end":{"line":2,"column":29624}},"76":{"start":{"line":2,"column":29625},"end":{"line":2,"column":29746}},"77":{"start":{"line":2,"column":29798},"end":{"line":2,"column":30227}},"78":{"start":{"line":2,"column":30265},"end":{"line":2,"column":30791}},"79":{"start":{"line":2,"column":30829},"end":{"line":2,"column":31026}},"80":{"start":{"line":2,"column":31070},"end":{"line":2,"column":31106}},"81":{"start":{"line":2,"column":31107},"end":{"line":2,"column":31189}},"82":{"start":{"line":2,"column":31135},"end":{"line":2,"column":31139}},"83":{"start":{"line":2,"column":31140},"end":{"line":2,"column":31169}},"84":{"start":{"line":2,"column":31144},"end":{"line":2,"column":31158}},"85":{"start":{"line":2,"column":31169},"end":{"line":2,"column":31188}},"86":{"start":{"line":2,"column":31247},"end":{"line":2,"column":31319}},"87":{"start":{"line":2,"column":31269},"end":{"line":2,"column":31318}},"88":{"start":{"line":2,"column":31364},"end":{"line":2,"column":31385}},"89":{"start":{"line":2,"column":31388},"end":{"line":2,"column":31419}},"90":{"start":{"line":2,"column":31420},"end":{"line":2,"column":31929}},"91":{"start":{"line":2,"column":31456},"end":{"line":2,"column":31457}},"92":{"start":{"line":2,"column":31460},"end":{"line":2,"column":31468}},"93":{"start":{"line":2,"column":31469},"end":{"line":2,"column":31688}},"94":{"start":{"line":2,"column":31498},"end":{"line":2,"column":31679}},"95":{"start":{"line":2,"column":31512},"end":{"line":2,"column":31553}},"96":{"start":{"line":2,"column":31544},"end":{"line":2,"column":31553}},"97":{"start":{"line":2,"column":31553},"end":{"line":2,"column":31656}},"98":{"start":{"line":2,"column":31563},"end":{"line":2,"column":31656}},"99":{"start":{"line":2,"column":31656},"end":{"line":2,"column":31678}},"100":{"start":{"line":2,"column":31679},"end":{"line":2,"column":31687}},"101":{"start":{"line":2,"column":31688},"end":{"line":2,"column":31832}},"102":{"start":{"line":2,"column":31747},"end":{"line":2,"column":31832}},"103":{"start":{"line":2,"column":31764},"end":{"line":2,"column":31769}},"104":{"start":{"line":2,"column":31774},"end":{"line":2,"column":31801}},"105":{"start":{"line":2,"column":31795},"end":{"line":2,"column":31801}},"106":{"start":{"line":2,"column":31801},"end":{"line":2,"column":31828}},"107":{"start":{"line":2,"column":31822},"end":{"line":2,"column":31828}},"108":{"start":{"line":2,"column":31828},"end":{"line":2,"column":31831}},"109":{"start":{"line":2,"column":31832},"end":{"line":2,"column":31928}},"110":{"start":{"line":3,"column":0},"end":{"line":3,"column":397}},"111":{"start":{"line":3,"column":36},"end":{"line":3,"column":38}},"112":{"start":{"line":3,"column":41},"end":{"line":3,"column":49}},"113":{"start":{"line":3,"column":52},"end":{"line":3,"column":57}},"114":{"start":{"line":3,"column":60},"end":{"line":3,"column":71}},"115":{"start":{"line":3,"column":72},"end":{"line":3,"column":96}},"116":{"start":{"line":3,"column":87},"end":{"line":3,"column":96}},"117":{"start":{"line":3,"column":96},"end":{"line":3,"column":157}},"118":{"start":{"line":3,"column":122},"end":{"line":3,"column":157}},"119":{"start":{"line":3,"column":157},"end":{"line":3,"column":302}},"120":{"start":{"line":3,"column":200},"end":{"line":3,"column":280}},"121":{"start":{"line":3,"column":236},"end":{"line":3,"column":240}},"122":{"start":{"line":3,"column":245},"end":{"line":3,"column":280}},"123":{"start":{"line":3,"column":269},"end":{"line":3,"column":274}},"124":{"start":{"line":3,"column":274},"end":{"line":3,"column":279}},"125":{"start":{"line":3,"column":280},"end":{"line":3,"column":301}},"126":{"start":{"line":3,"column":302},"end":{"line":3,"column":396}},"127":{"start":{"line":3,"column":442},"end":{"line":3,"column":473}},"128":{"start":{"line":3,"column":474},"end":{"line":3,"column":724}},"129":{"start":{"line":3,"column":506},"end":{"line":3,"column":507}},"130":{"start":{"line":3,"column":510},"end":{"line":3,"column":518}},"131":{"start":{"line":3,"column":521},"end":{"line":3,"column":540}},"132":{"start":{"line":3,"column":541},"end":{"line":3,"column":576}},"133":{"start":{"line":3,"column":567},"end":{"line":3,"column":576}},"134":{"start":{"line":3,"column":576},"end":{"line":3,"column":715}},"135":{"start":{"line":3,"column":605},"end":{"line":3,"column":692}},"136":{"start":{"line":3,"column":636},"end":{"line":3,"column":692}},"137":{"start":{"line":3,"column":692},"end":{"line":3,"column":714}},"138":{"start":{"line":3,"column":715},"end":{"line":3,"column":723}},"139":{"start":{"line":3,"column":800},"end":{"line":3,"column":974}},"140":{"start":{"line":3,"column":991},"end":{"line":3,"column":1169}},"141":{"start":{"line":3,"column":1176},"end":{"line":3,"column":1202}},"142":{"start":{"line":3,"column":1205},"end":{"line":3,"column":1220}},"143":{"start":{"line":3,"column":1223},"end":{"line":3,"column":1241}},"144":{"start":{"line":3,"column":1244},"end":{"line":3,"column":1263}},"145":{"start":{"line":3,"column":1266},"end":{"line":3,"column":1286}},"146":{"start":{"line":3,"column":1289},"end":{"line":3,"column":1301}},"147":{"start":{"line":3,"column":1304},"end":{"line":3,"column":1400}},"148":{"start":{"line":3,"column":1401},"end":{"line":3,"column":2244}},"149":{"start":{"line":3,"column":1429},"end":{"line":3,"column":1446}},"150":{"start":{"line":3,"column":1488},"end":{"line":3,"column":1492}},"151":{"start":{"line":3,"column":1493},"end":{"line":3,"column":1564}},"152":{"start":{"line":3,"column":1499},"end":{"line":3,"column":1564}},"153":{"start":{"line":3,"column":1564},"end":{"line":3,"column":1720}},"154":{"start":{"line":3,"column":1652},"end":{"line":3,"column":1718}},"155":{"start":{"line":3,"column":1752},"end":{"line":3,"column":1773}},"156":{"start":{"line":3,"column":1813},"end":{"line":3,"column":1828}},"157":{"start":{"line":3,"column":1829},"end":{"line":3,"column":1865}},"158":{"start":{"line":3,"column":1900},"end":{"line":3,"column":1967}},"159":{"start":{"line":3,"column":2013},"end":{"line":3,"column":2028}},"160":{"start":{"line":3,"column":2029},"end":{"line":3,"column":2081}},"161":{"start":{"line":3,"column":2122},"end":{"line":3,"column":2195}},"162":{"start":{"line":3,"column":2469},"end":{"line":3,"column":2486}},"163":{"start":{"line":3,"column":2486},"end":{"line":3,"column":2573}},"164":{"start":{"line":3,"column":2513},"end":{"line":3,"column":2573}},"165":{"start":{"line":3,"column":2580},"end":{"line":3,"column":2592}},"166":{"start":{"line":3,"column":2595},"end":{"line":3,"column":2625}},"167":{"start":{"line":3,"column":2628},"end":{"line":3,"column":3312}},"168":{"start":{"line":3,"column":3313},"end":{"line":3,"column":3661}},"169":{"start":{"line":3,"column":3350},"end":{"line":3,"column":3659}},"170":{"start":{"line":3,"column":3482},"end":{"line":3,"column":3520}},"171":{"start":{"line":3,"column":3520},"end":{"line":3,"column":3658}},"172":{"start":{"line":3,"column":3590},"end":{"line":3,"column":3649}},"173":{"start":{"line":3,"column":3643},"end":{"line":3,"column":3649}},"174":{"start":{"line":3,"column":3649},"end":{"line":3,"column":3657}},"175":{"start":{"line":3,"column":3667},"end":{"line":3,"column":3676}},"176":{"start":{"line":3,"column":3679},"end":{"line":3,"column":3715}},"177":{"start":{"line":3,"column":3718},"end":{"line":3,"column":3727}},"178":{"start":{"line":3,"column":3728},"end":{"line":3,"column":4042}},"179":{"start":{"line":3,"column":3772},"end":{"line":3,"column":3773}},"180":{"start":{"line":3,"column":3776},"end":{"line":3,"column":3777}},"181":{"start":{"line":3,"column":3778},"end":{"line":3,"column":4029}},"182":{"start":{"line":3,"column":3882},"end":{"line":3,"column":3961}},"183":{"start":{"line":3,"column":4456},"end":{"line":3,"column":4489}},"184":{"start":{"line":3,"column":4489},"end":{"line":3,"column":4548}},"185":{"start":{"line":3,"column":4516},"end":{"line":3,"column":4548}},"186":{"start":{"line":3,"column":4555},"end":{"line":3,"column":4567}},"187":{"start":{"line":3,"column":4570},"end":{"line":3,"column":4933}},"188":{"start":{"line":3,"column":4934},"end":{"line":3,"column":5049}},"189":{"start":{"line":3,"column":4976},"end":{"line":3,"column":5036}},"190":{"start":{"line":3,"column":5029},"end":{"line":3,"column":5036}},"191":{"start":{"line":3,"column":5357},"end":{"line":3,"column":5374}},"192":{"start":{"line":3,"column":5374},"end":{"line":3,"column":5434}},"193":{"start":{"line":3,"column":5401},"end":{"line":3,"column":5434}},"194":{"start":{"line":3,"column":5434},"end":{"line":3,"column":5453}},"195":{"start":{"line":3,"column":5474},"end":{"line":3,"column":5506}},"196":{"start":{"line":3,"column":5509},"end":{"line":3,"column":5531}},"197":{"start":{"line":3,"column":5532},"end":{"line":3,"column":5620}},"198":{"start":{"line":3,"column":5627},"end":{"line":3,"column":5639}},"199":{"start":{"line":3,"column":5642},"end":{"line":3,"column":5674}},"200":{"start":{"line":3,"column":5677},"end":{"line":3,"column":5696}},"201":{"start":{"line":3,"column":5699},"end":{"line":3,"column":6322}},"202":{"start":{"line":3,"column":6323},"end":{"line":3,"column":6856}},"203":{"start":{"line":3,"column":6367},"end":{"line":3,"column":6390}},"204":{"start":{"line":3,"column":6393},"end":{"line":3,"column":6401}},"205":{"start":{"line":3,"column":6404},"end":{"line":3,"column":6409}},"206":{"start":{"line":3,"column":6410},"end":{"line":3,"column":6454}},"207":{"start":{"line":3,"column":6433},"end":{"line":3,"column":6454}},"208":{"start":{"line":3,"column":6454},"end":{"line":3,"column":6516}},"209":{"start":{"line":3,"column":6470},"end":{"line":3,"column":6516}},"210":{"start":{"line":3,"column":6484},"end":{"line":3,"column":6516}},"211":{"start":{"line":3,"column":6516},"end":{"line":3,"column":6543}},"212":{"start":{"line":3,"column":6578},"end":{"line":3,"column":6737}},"213":{"start":{"line":3,"column":6648},"end":{"line":3,"column":6682}},"214":{"start":{"line":3,"column":6682},"end":{"line":3,"column":6736}},"215":{"start":{"line":3,"column":6688},"end":{"line":3,"column":6705}},"216":{"start":{"line":3,"column":6700},"end":{"line":3,"column":6705}},"217":{"start":{"line":3,"column":6711},"end":{"line":3,"column":6736}},"218":{"start":{"line":3,"column":6737},"end":{"line":3,"column":6763}},"219":{"start":{"line":3,"column":6807},"end":{"line":3,"column":6826}},"220":{"start":{"line":3,"column":6827},"end":{"line":3,"column":6843}},"221":{"start":{"line":3,"column":7411},"end":{"line":3,"column":7461}},"222":{"start":{"line":3,"column":7468},"end":{"line":3,"column":7487}},"223":{"start":{"line":3,"column":7490},"end":{"line":3,"column":7502}},"224":{"start":{"line":3,"column":7503},"end":{"line":3,"column":7825}},"225":{"start":{"line":3,"column":7556},"end":{"line":3,"column":7634}},"226":{"start":{"line":3,"column":7602},"end":{"line":3,"column":7634}},"227":{"start":{"line":3,"column":7634},"end":{"line":3,"column":7642}},"228":{"start":{"line":3,"column":7679},"end":{"line":3,"column":7816}},"229":{"start":{"line":3,"column":7728},"end":{"line":3,"column":7816}},"230":{"start":{"line":3,"column":7816},"end":{"line":3,"column":7824}},"231":{"start":{"line":3,"column":7908},"end":{"line":3,"column":7945}},"232":{"start":{"line":3,"column":7946},"end":{"line":3,"column":9726}},"233":{"start":{"line":3,"column":7979},"end":{"line":3,"column":8062}},"234":{"start":{"line":3,"column":8021},"end":{"line":3,"column":8062}},"235":{"start":{"line":3,"column":8053},"end":{"line":3,"column":8062}},"236":{"start":{"line":3,"column":8062},"end":{"line":3,"column":8070}},"237":{"start":{"line":3,"column":8113},"end":{"line":3,"column":8117}},"238":{"start":{"line":3,"column":8120},"end":{"line":3,"column":8124}},"239":{"start":{"line":3,"column":8125},"end":{"line":3,"column":8376}},"240":{"start":{"line":3,"column":8157},"end":{"line":3,"column":8221}},"241":{"start":{"line":3,"column":8194},"end":{"line":3,"column":8219}},"242":{"start":{"line":3,"column":8261},"end":{"line":3,"column":8374}},"243":{"start":{"line":3,"column":8311},"end":{"line":3,"column":8372}},"244":{"start":{"line":3,"column":8415},"end":{"line":3,"column":8431}},"245":{"start":{"line":3,"column":8434},"end":{"line":3,"column":8439}},"246":{"start":{"line":3,"column":8440},"end":{"line":3,"column":8495}},"247":{"start":{"line":3,"column":8450},"end":{"line":3,"column":8495}},"248":{"start":{"line":3,"column":8495},"end":{"line":3,"column":8569}},"249":{"start":{"line":3,"column":8614},"end":{"line":3,"column":8630}},"250":{"start":{"line":3,"column":8633},"end":{"line":3,"column":8638}},"251":{"start":{"line":3,"column":8639},"end":{"line":3,"column":8694}},"252":{"start":{"line":3,"column":8649},"end":{"line":3,"column":8694}},"253":{"start":{"line":3,"column":8694},"end":{"line":3,"column":8779}},"254":{"start":{"line":3,"column":8823},"end":{"line":3,"column":8839}},"255":{"start":{"line":3,"column":8842},"end":{"line":3,"column":8847}},"256":{"start":{"line":3,"column":8848},"end":{"line":3,"column":8903}},"257":{"start":{"line":3,"column":8858},"end":{"line":3,"column":8903}},"258":{"start":{"line":3,"column":8903},"end":{"line":3,"column":8990}},"259":{"start":{"line":3,"column":9031},"end":{"line":3,"column":9036}},"260":{"start":{"line":3,"column":9037},"end":{"line":3,"column":9116}},"261":{"start":{"line":3,"column":9151},"end":{"line":3,"column":9391}},"262":{"start":{"line":3,"column":9214},"end":{"line":3,"column":9226}},"263":{"start":{"line":3,"column":9257},"end":{"line":3,"column":9273}},"264":{"start":{"line":3,"column":9274},"end":{"line":3,"column":9336}},"265":{"start":{"line":3,"column":9281},"end":{"line":3,"column":9336}},"266":{"start":{"line":3,"column":9336},"end":{"line":3,"column":9364}},"267":{"start":{"line":3,"column":9425},"end":{"line":3,"column":9612}},"268":{"start":{"line":3,"column":9478},"end":{"line":3,"column":9494}},"269":{"start":{"line":3,"column":9495},"end":{"line":3,"column":9557}},"270":{"start":{"line":3,"column":9502},"end":{"line":3,"column":9557}},"271":{"start":{"line":3,"column":9557},"end":{"line":3,"column":9585}},"272":{"start":{"line":3,"column":9647},"end":{"line":3,"column":9713}},"273":{"start":{"line":3,"column":9781},"end":{"line":3,"column":9954}},"274":{"start":{"line":3,"column":9961},"end":{"line":3,"column":9984}},"275":{"start":{"line":3,"column":9987},"end":{"line":3,"column":10017}},"276":{"start":{"line":3,"column":10020},"end":{"line":3,"column":10055}},"277":{"start":{"line":3,"column":10058},"end":{"line":3,"column":10088}},"278":{"start":{"line":3,"column":10091},"end":{"line":3,"column":10093}},"279":{"start":{"line":3,"column":10094},"end":{"line":3,"column":14345}},"280":{"start":{"line":3,"column":10123},"end":{"line":3,"column":10145}},"281":{"start":{"line":3,"column":10180},"end":{"line":3,"column":10208}},"282":{"start":{"line":3,"column":10231},"end":{"line":3,"column":10336}},"283":{"start":{"line":3,"column":10376},"end":{"line":3,"column":10380}},"284":{"start":{"line":3,"column":10383},"end":{"line":3,"column":10385}},"285":{"start":{"line":3,"column":10388},"end":{"line":3,"column":10400}},"286":{"start":{"line":3,"column":10403},"end":{"line":3,"column":10405}},"287":{"start":{"line":3,"column":10406},"end":{"line":3,"column":10552}},"288":{"start":{"line":3,"column":10419},"end":{"line":3,"column":10518}},"289":{"start":{"line":3,"column":10476},"end":{"line":3,"column":10518}},"290":{"start":{"line":3,"column":10518},"end":{"line":3,"column":10551}},"291":{"start":{"line":3,"column":10552},"end":{"line":3,"column":10668}},"292":{"start":{"line":3,"column":10717},"end":{"line":3,"column":10743}},"293":{"start":{"line":3,"column":10775},"end":{"line":3,"column":10804}},"294":{"start":{"line":3,"column":10827},"end":{"line":3,"column":10868}},"295":{"start":{"line":3,"column":10900},"end":{"line":3,"column":10914}},"296":{"start":{"line":3,"column":10950},"end":{"line":3,"column":10970}},"297":{"start":{"line":3,"column":11000},"end":{"line":3,"column":11012}},"298":{"start":{"line":3,"column":11043},"end":{"line":3,"column":11058}},"299":{"start":{"line":3,"column":11100},"end":{"line":3,"column":11104}},"300":{"start":{"line":3,"column":11107},"end":{"line":3,"column":11142}},"301":{"start":{"line":3,"column":11143},"end":{"line":3,"column":11162}},"302":{"start":{"line":3,"column":11199},"end":{"line":3,"column":11219}},"303":{"start":{"line":3,"column":11252},"end":{"line":3,"column":11278}},"304":{"start":{"line":3,"column":11318},"end":{"line":3,"column":11375}},"305":{"start":{"line":3,"column":11376},"end":{"line":3,"column":11418}},"306":{"start":{"line":3,"column":11454},"end":{"line":3,"column":11499}},"307":{"start":{"line":3,"column":11502},"end":{"line":3,"column":11546}},"308":{"start":{"line":3,"column":11547},"end":{"line":3,"column":11589}},"309":{"start":{"line":3,"column":11615},"end":{"line":3,"column":11627}},"310":{"start":{"line":3,"column":11659},"end":{"line":3,"column":11683}},"311":{"start":{"line":3,"column":11686},"end":{"line":3,"column":11731}},"312":{"start":{"line":3,"column":11734},"end":{"line":3,"column":11775}},"313":{"start":{"line":3,"column":11778},"end":{"line":3,"column":11796}},"314":{"start":{"line":3,"column":11797},"end":{"line":3,"column":11821}},"315":{"start":{"line":3,"column":11847},"end":{"line":3,"column":11864}},"316":{"start":{"line":3,"column":11891},"end":{"line":3,"column":11909}},"317":{"start":{"line":3,"column":11935},"end":{"line":3,"column":11952}},"318":{"start":{"line":3,"column":11979},"end":{"line":3,"column":11997}},"319":{"start":{"line":3,"column":12023},"end":{"line":3,"column":12040}},"320":{"start":{"line":3,"column":12067},"end":{"line":3,"column":12085}},"321":{"start":{"line":3,"column":12108},"end":{"line":3,"column":12120}},"322":{"start":{"line":3,"column":12144},"end":{"line":3,"column":12159}},"323":{"start":{"line":3,"column":12191},"end":{"line":3,"column":12195}},"324":{"start":{"line":3,"column":12196},"end":{"line":3,"column":12258}},"325":{"start":{"line":3,"column":12282},"end":{"line":3,"column":12295}},"326":{"start":{"line":3,"column":12327},"end":{"line":3,"column":12331}},"327":{"start":{"line":3,"column":12332},"end":{"line":3,"column":12394}},"328":{"start":{"line":3,"column":12418},"end":{"line":3,"column":12431}},"329":{"start":{"line":3,"column":12458},"end":{"line":3,"column":12474}},"330":{"start":{"line":3,"column":12502},"end":{"line":3,"column":12519}},"331":{"start":{"line":3,"column":12542},"end":{"line":3,"column":12554}},"332":{"start":{"line":3,"column":12578},"end":{"line":3,"column":12591}},"333":{"start":{"line":3,"column":12615},"end":{"line":3,"column":12628}},"334":{"start":{"line":3,"column":12653},"end":{"line":3,"column":12667}},"335":{"start":{"line":3,"column":12691},"end":{"line":3,"column":12704}},"336":{"start":{"line":3,"column":12729},"end":{"line":3,"column":12743}},"337":{"start":{"line":3,"column":12768},"end":{"line":3,"column":12782}},"338":{"start":{"line":3,"column":12808},"end":{"line":3,"column":12823}},"339":{"start":{"line":3,"column":12845},"end":{"line":3,"column":12883}},"340":{"start":{"line":3,"column":12905},"end":{"line":3,"column":12943}},"341":{"start":{"line":3,"column":12973},"end":{"line":3,"column":13010}},"342":{"start":{"line":3,"column":13040},"end":{"line":3,"column":13091}},"343":{"start":{"line":3,"column":13114},"end":{"line":3,"column":13136}},"344":{"start":{"line":3,"column":13164},"end":{"line":3,"column":13183}},"345":{"start":{"line":3,"column":13209},"end":{"line":3,"column":13228}},"346":{"start":{"line":3,"column":13256},"end":{"line":3,"column":13299}},"347":{"start":{"line":3,"column":13325},"end":{"line":3,"column":13340}},"348":{"start":{"line":3,"column":13377},"end":{"line":3,"column":13405}},"349":{"start":{"line":3,"column":13408},"end":{"line":3,"column":13417}},"350":{"start":{"line":3,"column":13418},"end":{"line":3,"column":13534}},"351":{"start":{"line":3,"column":13580},"end":{"line":3,"column":13654}},"352":{"start":{"line":3,"column":13655},"end":{"line":3,"column":13724}},"353":{"start":{"line":3,"column":13760},"end":{"line":3,"column":13787}},"354":{"start":{"line":3,"column":13825},"end":{"line":3,"column":13853}},"355":{"start":{"line":3,"column":13854},"end":{"line":3,"column":13902}},"356":{"start":{"line":3,"column":13932},"end":{"line":3,"column":13947}},"357":{"start":{"line":3,"column":13987},"end":{"line":3,"column":14015}},"358":{"start":{"line":3,"column":14018},"end":{"line":3,"column":14027}},"359":{"start":{"line":3,"column":14028},"end":{"line":3,"column":14119}},"360":{"start":{"line":3,"column":14142},"end":{"line":3,"column":14156}},"361":{"start":{"line":3,"column":14179},"end":{"line":3,"column":14191}},"362":{"start":{"line":3,"column":14214},"end":{"line":3,"column":14226}},"363":{"start":{"line":3,"column":14250},"end":{"line":3,"column":14265}},"364":{"start":{"line":3,"column":14289},"end":{"line":3,"column":14304}},"365":{"start":{"line":3,"column":14328},"end":{"line":3,"column":14343}},"366":{"start":{"line":3,"column":14351},"end":{"line":3,"column":14442}},"367":{"start":{"line":3,"column":14376},"end":{"line":3,"column":14441}},"368":{"start":{"line":3,"column":14443},"end":{"line":3,"column":14454}},"369":{"start":{"line":3,"column":14511},"end":{"line":3,"column":15610}},"370":{"start":{"line":3,"column":14567},"end":{"line":3,"column":14590}},"371":{"start":{"line":3,"column":14593},"end":{"line":3,"column":14604}},"372":{"start":{"line":3,"column":14605},"end":{"line":3,"column":14621}},"373":{"start":{"line":3,"column":14612},"end":{"line":3,"column":14621}},"374":{"start":{"line":3,"column":14621},"end":{"line":3,"column":14660}},"375":{"start":{"line":3,"column":14651},"end":{"line":3,"column":14660}},"376":{"start":{"line":3,"column":14660},"end":{"line":3,"column":14702}},"377":{"start":{"line":3,"column":14693},"end":{"line":3,"column":14702}},"378":{"start":{"line":3,"column":14702},"end":{"line":3,"column":14716}},"379":{"start":{"line":3,"column":14707},"end":{"line":3,"column":14716}},"380":{"start":{"line":3,"column":14716},"end":{"line":3,"column":15305}},"381":{"start":{"line":3,"column":14986},"end":{"line":3,"column":15305}},"382":{"start":{"line":3,"column":15017},"end":{"line":3,"column":15028}},"383":{"start":{"line":3,"column":15022},"end":{"line":3,"column":15028}},"384":{"start":{"line":3,"column":15028},"end":{"line":3,"column":15090}},"385":{"start":{"line":3,"column":15060},"end":{"line":3,"column":15090}},"386":{"start":{"line":3,"column":15079},"end":{"line":3,"column":15084}},"387":{"start":{"line":3,"column":15084},"end":{"line":3,"column":15089}},"388":{"start":{"line":3,"column":15090},"end":{"line":3,"column":15101}},"389":{"start":{"line":3,"column":15095},"end":{"line":3,"column":15101}},"390":{"start":{"line":3,"column":15101},"end":{"line":3,"column":15158}},"391":{"start":{"line":3,"column":15164},"end":{"line":3,"column":15305}},"392":{"start":{"line":3,"column":15305},"end":{"line":3,"column":15586}},"393":{"start":{"line":3,"column":15548},"end":{"line":3,"column":15586}},"394":{"start":{"line":3,"column":15586},"end":{"line":3,"column":15609}},"395":{"start":{"line":3,"column":15649},"end":{"line":3,"column":15939}},"396":{"start":{"line":3,"column":15683},"end":{"line":3,"column":15721}},"397":{"start":{"line":3,"column":15712},"end":{"line":3,"column":15721}},"398":{"start":{"line":3,"column":15721},"end":{"line":3,"column":15810}},"399":{"start":{"line":3,"column":15738},"end":{"line":3,"column":15810}},"400":{"start":{"line":3,"column":15754},"end":{"line":3,"column":15758}},"401":{"start":{"line":3,"column":15763},"end":{"line":3,"column":15802}},"402":{"start":{"line":3,"column":15796},"end":{"line":3,"column":15802}},"403":{"start":{"line":3,"column":15802},"end":{"line":3,"column":15809}},"404":{"start":{"line":3,"column":15810},"end":{"line":3,"column":15938}},"405":{"start":{"line":3,"column":16004},"end":{"line":3,"column":16027}},"406":{"start":{"line":3,"column":16030},"end":{"line":3,"column":16041}},"407":{"start":{"line":3,"column":16042},"end":{"line":3,"column":16140}},"408":{"start":{"line":3,"column":16167},"end":{"line":3,"column":16176}},"409":{"start":{"line":3,"column":16177},"end":{"line":3,"column":16325}},"410":{"start":{"line":3,"column":16215},"end":{"line":3,"column":16325}},"411":{"start":{"line":3,"column":16326},"end":{"line":3,"column":17688}},"412":{"start":{"line":3,"column":16386},"end":{"line":3,"column":16424}},"413":{"start":{"line":3,"column":16391},"end":{"line":3,"column":16424}},"414":{"start":{"line":3,"column":16424},"end":{"line":3,"column":16462}},"415":{"start":{"line":3,"column":16453},"end":{"line":3,"column":16462}},"416":{"start":{"line":3,"column":16462},"end":{"line":3,"column":16498}},"417":{"start":{"line":3,"column":16489},"end":{"line":3,"column":16498}},"418":{"start":{"line":3,"column":16498},"end":{"line":3,"column":16523}},"419":{"start":{"line":3,"column":16514},"end":{"line":3,"column":16523}},"420":{"start":{"line":3,"column":16523},"end":{"line":3,"column":16565}},"421":{"start":{"line":3,"column":16556},"end":{"line":3,"column":16565}},"422":{"start":{"line":3,"column":16565},"end":{"line":3,"column":16653}},"423":{"start":{"line":3,"column":16653},"end":{"line":3,"column":17603}},"424":{"start":{"line":3,"column":16655},"end":{"line":3,"column":17603}},"425":{"start":{"line":3,"column":16663},"end":{"line":3,"column":17423}},"426":{"start":{"line":3,"column":16908},"end":{"line":3,"column":17362}},"427":{"start":{"line":3,"column":17354},"end":{"line":3,"column":17362}},"428":{"start":{"line":3,"column":17362},"end":{"line":3,"column":17397}},"429":{"start":{"line":3,"column":17389},"end":{"line":3,"column":17397}},"430":{"start":{"line":3,"column":17397},"end":{"line":3,"column":17419}},"431":{"start":{"line":3,"column":17413},"end":{"line":3,"column":17419}},"432":{"start":{"line":3,"column":17419},"end":{"line":3,"column":17422}},"433":{"start":{"line":3,"column":17423},"end":{"line":3,"column":17437}},"434":{"start":{"line":3,"column":17431},"end":{"line":3,"column":17437}},"435":{"start":{"line":3,"column":17437},"end":{"line":3,"column":17463}},"436":{"start":{"line":3,"column":17457},"end":{"line":3,"column":17463}},"437":{"start":{"line":3,"column":17463},"end":{"line":3,"column":17496}},"438":{"start":{"line":3,"column":17490},"end":{"line":3,"column":17496}},"439":{"start":{"line":3,"column":17496},"end":{"line":3,"column":17516}},"440":{"start":{"line":3,"column":17510},"end":{"line":3,"column":17516}},"441":{"start":{"line":3,"column":17516},"end":{"line":3,"column":17548}},"442":{"start":{"line":3,"column":17542},"end":{"line":3,"column":17548}},"443":{"start":{"line":3,"column":17548},"end":{"line":3,"column":17581}},"444":{"start":{"line":3,"column":17575},"end":{"line":3,"column":17581}},"445":{"start":{"line":3,"column":17581},"end":{"line":3,"column":17602}},"446":{"start":{"line":3,"column":17597},"end":{"line":3,"column":17602}},"447":{"start":{"line":3,"column":17603},"end":{"line":3,"column":17687}},"448":{"start":{"line":3,"column":17727},"end":{"line":3,"column":18362}},"449":{"start":{"line":3,"column":17771},"end":{"line":3,"column":17773}},"450":{"start":{"line":3,"column":17776},"end":{"line":3,"column":17799}},"451":{"start":{"line":3,"column":17802},"end":{"line":3,"column":17813}},"452":{"start":{"line":3,"column":17814},"end":{"line":3,"column":17832}},"453":{"start":{"line":3,"column":17823},"end":{"line":3,"column":17832}},"454":{"start":{"line":3,"column":17832},"end":{"line":3,"column":17882}},"455":{"start":{"line":3,"column":17873},"end":{"line":3,"column":17882}},"456":{"start":{"line":3,"column":17882},"end":{"line":3,"column":17927}},"457":{"start":{"line":3,"column":17918},"end":{"line":3,"column":17927}},"458":{"start":{"line":3,"column":17927},"end":{"line":3,"column":17983}},"459":{"start":{"line":3,"column":17974},"end":{"line":3,"column":17983}},"460":{"start":{"line":3,"column":17983},"end":{"line":3,"column":17997}},"461":{"start":{"line":3,"column":17988},"end":{"line":3,"column":17997}},"462":{"start":{"line":3,"column":17997},"end":{"line":3,"column":18220}},"463":{"start":{"line":3,"column":18097},"end":{"line":3,"column":18220}},"464":{"start":{"line":3,"column":18209},"end":{"line":3,"column":18214}},"465":{"start":{"line":3,"column":18214},"end":{"line":3,"column":18219}},"466":{"start":{"line":3,"column":18220},"end":{"line":3,"column":18361}},"467":{"start":{"line":3,"column":18401},"end":{"line":3,"column":19345}},"468":{"start":{"line":3,"column":18445},"end":{"line":3,"column":18468}},"469":{"start":{"line":3,"column":18471},"end":{"line":3,"column":18482}},"470":{"start":{"line":3,"column":18483},"end":{"line":3,"column":18501}},"471":{"start":{"line":3,"column":18492},"end":{"line":3,"column":18501}},"472":{"start":{"line":3,"column":18501},"end":{"line":3,"column":18538}},"473":{"start":{"line":3,"column":18529},"end":{"line":3,"column":18538}},"474":{"start":{"line":3,"column":18538},"end":{"line":3,"column":18577}},"475":{"start":{"line":3,"column":18568},"end":{"line":3,"column":18577}},"476":{"start":{"line":3,"column":18577},"end":{"line":3,"column":18619}},"477":{"start":{"line":3,"column":18610},"end":{"line":3,"column":18619}},"478":{"start":{"line":3,"column":18619},"end":{"line":3,"column":18709}},"479":{"start":{"line":3,"column":18638},"end":{"line":3,"column":18675}},"480":{"start":{"line":3,"column":18666},"end":{"line":3,"column":18675}},"481":{"start":{"line":3,"column":18675},"end":{"line":3,"column":18708}},"482":{"start":{"line":3,"column":18703},"end":{"line":3,"column":18708}},"483":{"start":{"line":3,"column":18709},"end":{"line":3,"column":19344}},"484":{"start":{"line":3,"column":19384},"end":{"line":3,"column":19995}},"485":{"start":{"line":3,"column":19424},"end":{"line":3,"column":19447}},"486":{"start":{"line":3,"column":19450},"end":{"line":3,"column":19461}},"487":{"start":{"line":3,"column":19462},"end":{"line":3,"column":19479}},"488":{"start":{"line":3,"column":19470},"end":{"line":3,"column":19479}},"489":{"start":{"line":3,"column":19479},"end":{"line":3,"column":19526}},"490":{"start":{"line":3,"column":19517},"end":{"line":3,"column":19526}},"491":{"start":{"line":3,"column":19526},"end":{"line":3,"column":19605}},"492":{"start":{"line":3,"column":19577},"end":{"line":3,"column":19605}},"493":{"start":{"line":3,"column":19605},"end":{"line":3,"column":19994}},"494":{"start":{"line":3,"column":20034},"end":{"line":3,"column":20358}},"495":{"start":{"line":3,"column":20074},"end":{"line":3,"column":20085}},"496":{"start":{"line":3,"column":20088},"end":{"line":3,"column":20099}},"497":{"start":{"line":3,"column":20100},"end":{"line":3,"column":20131}},"498":{"start":{"line":3,"column":20122},"end":{"line":3,"column":20131}},"499":{"start":{"line":3,"column":20131},"end":{"line":3,"column":20190}},"500":{"start":{"line":3,"column":20181},"end":{"line":3,"column":20190}},"501":{"start":{"line":3,"column":20190},"end":{"line":3,"column":20265}},"502":{"start":{"line":3,"column":20204},"end":{"line":3,"column":20254}},"503":{"start":{"line":3,"column":20245},"end":{"line":3,"column":20254}},"504":{"start":{"line":3,"column":20254},"end":{"line":3,"column":20264}},"505":{"start":{"line":3,"column":20265},"end":{"line":3,"column":20357}},"506":{"start":{"line":3,"column":20417},"end":{"line":3,"column":20421}},"507":{"start":{"line":3,"column":20422},"end":{"line":3,"column":20442}},"508":{"start":{"line":3,"column":20449},"end":{"line":3,"column":20475}},"509":{"start":{"line":3,"column":20478},"end":{"line":3,"column":20505}},"510":{"start":{"line":3,"column":20508},"end":{"line":3,"column":20535}},"511":{"start":{"line":3,"column":20536},"end":{"line":3,"column":21108}},"512":{"start":{"line":3,"column":20576},"end":{"line":3,"column":20587}},"513":{"start":{"line":3,"column":20590},"end":{"line":3,"column":20601}},"514":{"start":{"line":3,"column":20604},"end":{"line":3,"column":20615}},"515":{"start":{"line":3,"column":20616},"end":{"line":3,"column":20649}},"516":{"start":{"line":3,"column":20640},"end":{"line":3,"column":20649}},"517":{"start":{"line":3,"column":20649},"end":{"line":3,"column":20673}},"518":{"start":{"line":3,"column":20664},"end":{"line":3,"column":20673}},"519":{"start":{"line":3,"column":20673},"end":{"line":3,"column":20710}},"520":{"start":{"line":3,"column":20701},"end":{"line":3,"column":20710}},"521":{"start":{"line":3,"column":20710},"end":{"line":3,"column":20953}},"522":{"start":{"line":3,"column":20753},"end":{"line":3,"column":20766}},"523":{"start":{"line":3,"column":20758},"end":{"line":3,"column":20766}},"524":{"start":{"line":3,"column":20772},"end":{"line":3,"column":20798}},"525":{"start":{"line":3,"column":20789},"end":{"line":3,"column":20798}},"526":{"start":{"line":3,"column":20798},"end":{"line":3,"column":20900}},"527":{"start":{"line":3,"column":20809},"end":{"line":3,"column":20851}},"528":{"start":{"line":3,"column":20843},"end":{"line":3,"column":20851}},"529":{"start":{"line":3,"column":20857},"end":{"line":3,"column":20900}},"530":{"start":{"line":3,"column":20891},"end":{"line":3,"column":20900}},"531":{"start":{"line":3,"column":20900},"end":{"line":3,"column":20939}},"532":{"start":{"line":3,"column":20930},"end":{"line":3,"column":20939}},"533":{"start":{"line":3,"column":20939},"end":{"line":3,"column":20952}},"534":{"start":{"line":3,"column":20944},"end":{"line":3,"column":20952}},"535":{"start":{"line":3,"column":20953},"end":{"line":3,"column":20995}},"536":{"start":{"line":3,"column":20991},"end":{"line":3,"column":20995}},"537":{"start":{"line":3,"column":20995},"end":{"line":3,"column":21107}},"538":{"start":{"line":3,"column":21172},"end":{"line":3,"column":21741}},"539":{"start":{"line":3,"column":21210},"end":{"line":3,"column":21213}},"540":{"start":{"line":3,"column":21214},"end":{"line":3,"column":21740}},"541":{"start":{"line":3,"column":21806},"end":{"line":3,"column":21947}},"542":{"start":{"line":3,"column":21972},"end":{"line":3,"column":21995}},"543":{"start":{"line":3,"column":21998},"end":{"line":3,"column":22009}},"544":{"start":{"line":3,"column":22010},"end":{"line":3,"column":22029}},"545":{"start":{"line":3,"column":22020},"end":{"line":3,"column":22029}},"546":{"start":{"line":3,"column":22029},"end":{"line":3,"column":22076}},"547":{"start":{"line":3,"column":22067},"end":{"line":3,"column":22076}},"548":{"start":{"line":3,"column":22076},"end":{"line":3,"column":22179}},"549":{"start":{"line":3,"column":22084},"end":{"line":3,"column":22101}},"550":{"start":{"line":3,"column":22092},"end":{"line":3,"column":22101}},"551":{"start":{"line":3,"column":22101},"end":{"line":3,"column":22178}},"552":{"start":{"line":3,"column":22145},"end":{"line":3,"column":22169}},"553":{"start":{"line":3,"column":22163},"end":{"line":3,"column":22169}},"554":{"start":{"line":3,"column":22169},"end":{"line":3,"column":22177}},"555":{"start":{"line":3,"column":22179},"end":{"line":3,"column":22220}},"556":{"start":{"line":3,"column":22247},"end":{"line":3,"column":22256}},"557":{"start":{"line":3,"column":22257},"end":{"line":3,"column":22405}},"558":{"start":{"line":3,"column":22295},"end":{"line":3,"column":22405}},"559":{"start":{"line":3,"column":22406},"end":{"line":3,"column":23748}},"560":{"start":{"line":3,"column":22484},"end":{"line":3,"column":22486}},"561":{"start":{"line":3,"column":22487},"end":{"line":3,"column":22548}},"562":{"start":{"line":3,"column":22504},"end":{"line":3,"column":22509}},"563":{"start":{"line":3,"column":22514},"end":{"line":3,"column":22543}},"564":{"start":{"line":3,"column":22534},"end":{"line":3,"column":22543}},"565":{"start":{"line":3,"column":22543},"end":{"line":3,"column":22547}},"566":{"start":{"line":3,"column":22548},"end":{"line":3,"column":22590}},"567":{"start":{"line":3,"column":22581},"end":{"line":3,"column":22590}},"568":{"start":{"line":3,"column":22590},"end":{"line":3,"column":22628}},"569":{"start":{"line":3,"column":22619},"end":{"line":3,"column":22628}},"570":{"start":{"line":3,"column":22628},"end":{"line":3,"column":23631}},"571":{"start":{"line":3,"column":23468},"end":{"line":3,"column":23530}},"572":{"start":{"line":3,"column":23500},"end":{"line":3,"column":23530}},"573":{"start":{"line":3,"column":23519},"end":{"line":3,"column":23524}},"574":{"start":{"line":3,"column":23524},"end":{"line":3,"column":23529}},"575":{"start":{"line":3,"column":23530},"end":{"line":3,"column":23541}},"576":{"start":{"line":3,"column":23535},"end":{"line":3,"column":23541}},"577":{"start":{"line":3,"column":23541},"end":{"line":3,"column":23596}},"578":{"start":{"line":3,"column":23547},"end":{"line":3,"column":23568}},"579":{"start":{"line":3,"column":23563},"end":{"line":3,"column":23568}},"580":{"start":{"line":3,"column":23574},"end":{"line":3,"column":23596}},"581":{"start":{"line":3,"column":23590},"end":{"line":3,"column":23596}},"582":{"start":{"line":3,"column":23596},"end":{"line":3,"column":23630}},"583":{"start":{"line":3,"column":23625},"end":{"line":3,"column":23630}},"584":{"start":{"line":3,"column":23631},"end":{"line":3,"column":23747}},"585":{"start":{"line":3,"column":23787},"end":{"line":3,"column":24338}},"586":{"start":{"line":3,"column":23829},"end":{"line":3,"column":23832}},"587":{"start":{"line":3,"column":23833},"end":{"line":3,"column":24039}},"588":{"start":{"line":3,"column":23867},"end":{"line":3,"column":24039}},"589":{"start":{"line":3,"column":23933},"end":{"line":3,"column":24039}},"590":{"start":{"line":3,"column":23966},"end":{"line":3,"column":24028}},"591":{"start":{"line":3,"column":23998},"end":{"line":3,"column":24028}},"592":{"start":{"line":3,"column":24017},"end":{"line":3,"column":24022}},"593":{"start":{"line":3,"column":24022},"end":{"line":3,"column":24027}},"594":{"start":{"line":3,"column":24028},"end":{"line":3,"column":24038}},"595":{"start":{"line":3,"column":24033},"end":{"line":3,"column":24038}},"596":{"start":{"line":3,"column":24039},"end":{"line":3,"column":24337}},"597":{"start":{"line":3,"column":24417},"end":{"line":3,"column":24867}},"598":{"start":{"line":3,"column":24705},"end":{"line":3,"column":24759}},"599":{"start":{"line":3,"column":24730},"end":{"line":3,"column":24754}},"600":{"start":{"line":3,"column":24741},"end":{"line":3,"column":24745}},"601":{"start":{"line":3,"column":24745},"end":{"line":3,"column":24753}},"602":{"start":{"line":3,"column":24754},"end":{"line":3,"column":24758}},"603":{"start":{"line":3,"column":24759},"end":{"line":3,"column":24866}},"604":{"start":{"line":3,"column":24867},"end":{"line":3,"column":24974}},"605":{"start":{"line":3,"column":24975},"end":{"line":3,"column":25916}},"606":{"start":{"line":3,"column":25007},"end":{"line":3,"column":25059}},"607":{"start":{"line":3,"column":25100},"end":{"line":3,"column":25181}},"608":{"start":{"line":3,"column":25181},"end":{"line":3,"column":25189}},"609":{"start":{"line":3,"column":25226},"end":{"line":3,"column":25290}},"610":{"start":{"line":3,"column":25290},"end":{"line":3,"column":25298}},"611":{"start":{"line":3,"column":25336},"end":{"line":3,"column":25399}},"612":{"start":{"line":3,"column":25399},"end":{"line":3,"column":25407}},"613":{"start":{"line":3,"column":25451},"end":{"line":3,"column":25468}},"614":{"start":{"line":3,"column":25459},"end":{"line":3,"column":25468}},"615":{"start":{"line":3,"column":25468},"end":{"line":3,"column":25521}},"616":{"start":{"line":3,"column":25478},"end":{"line":3,"column":25521}},"617":{"start":{"line":3,"column":25510},"end":{"line":3,"column":25521}},"618":{"start":{"line":3,"column":25521},"end":{"line":3,"column":25529}},"619":{"start":{"line":3,"column":25586},"end":{"line":3,"column":25587}},"620":{"start":{"line":3,"column":25588},"end":{"line":3,"column":25605}},"621":{"start":{"line":3,"column":25596},"end":{"line":3,"column":25605}},"622":{"start":{"line":3,"column":25605},"end":{"line":3,"column":25723}},"623":{"start":{"line":3,"column":25616},"end":{"line":3,"column":25723}},"624":{"start":{"line":3,"column":25723},"end":{"line":3,"column":25886}},"625":{"start":{"line":3,"column":25760},"end":{"line":3,"column":25886}},"626":{"start":{"line":3,"column":25886},"end":{"line":3,"column":25903}},"627":{"start":{"line":3,"column":25977},"end":{"line":3,"column":26000}},"628":{"start":{"line":3,"column":26003},"end":{"line":3,"column":26014}},"629":{"start":{"line":3,"column":26015},"end":{"line":3,"column":26041}},"630":{"start":{"line":3,"column":26042},"end":{"line":3,"column":27903}},"631":{"start":{"line":3,"column":26094},"end":{"line":3,"column":26112}},"632":{"start":{"line":3,"column":26103},"end":{"line":3,"column":26112}},"633":{"start":{"line":3,"column":26112},"end":{"line":3,"column":26154}},"634":{"start":{"line":3,"column":26145},"end":{"line":3,"column":26154}},"635":{"start":{"line":3,"column":26154},"end":{"line":3,"column":26207}},"636":{"start":{"line":3,"column":26198},"end":{"line":3,"column":26207}},"637":{"start":{"line":3,"column":26207},"end":{"line":3,"column":26265}},"638":{"start":{"line":3,"column":26256},"end":{"line":3,"column":26265}},"639":{"start":{"line":3,"column":26265},"end":{"line":3,"column":26309}},"640":{"start":{"line":3,"column":26300},"end":{"line":3,"column":26309}},"641":{"start":{"line":3,"column":26309},"end":{"line":3,"column":26341}},"642":{"start":{"line":3,"column":26332},"end":{"line":3,"column":26341}},"643":{"start":{"line":3,"column":26341},"end":{"line":3,"column":26589}},"644":{"start":{"line":3,"column":26370},"end":{"line":3,"column":26434}},"645":{"start":{"line":3,"column":26391},"end":{"line":3,"column":26425}},"646":{"start":{"line":3,"column":26416},"end":{"line":3,"column":26425}},"647":{"start":{"line":3,"column":26425},"end":{"line":3,"column":26433}},"648":{"start":{"line":3,"column":26434},"end":{"line":3,"column":26466}},"649":{"start":{"line":3,"column":26457},"end":{"line":3,"column":26466}},"650":{"start":{"line":3,"column":26466},"end":{"line":3,"column":26588}},"651":{"start":{"line":3,"column":26589},"end":{"line":3,"column":26637}},"652":{"start":{"line":3,"column":26628},"end":{"line":3,"column":26637}},"653":{"start":{"line":3,"column":26637},"end":{"line":3,"column":26707}},"654":{"start":{"line":3,"column":26698},"end":{"line":3,"column":26707}},"655":{"start":{"line":3,"column":26707},"end":{"line":3,"column":26721}},"656":{"start":{"line":3,"column":26712},"end":{"line":3,"column":26721}},"657":{"start":{"line":3,"column":26721},"end":{"line":3,"column":27149}},"658":{"start":{"line":3,"column":26936},"end":{"line":3,"column":27149}},"659":{"start":{"line":3,"column":27149},"end":{"line":3,"column":27768}},"660":{"start":{"line":3,"column":27403},"end":{"line":3,"column":27719}},"661":{"start":{"line":3,"column":27512},"end":{"line":3,"column":27719}},"662":{"start":{"line":3,"column":27719},"end":{"line":3,"column":27767}},"663":{"start":{"line":3,"column":27768},"end":{"line":3,"column":27902}},"664":{"start":{"line":3,"column":27978},"end":{"line":3,"column":28011}},"665":{"start":{"line":3,"column":28002},"end":{"line":3,"column":28011}},"666":{"start":{"line":3,"column":28011},"end":{"line":3,"column":28044}},"667":{"start":{"line":3,"column":28035},"end":{"line":3,"column":28044}},"668":{"start":{"line":3,"column":28044},"end":{"line":3,"column":28077}},"669":{"start":{"line":3,"column":28068},"end":{"line":3,"column":28077}},"670":{"start":{"line":3,"column":28077},"end":{"line":3,"column":28146}},"671":{"start":{"line":3,"column":28137},"end":{"line":3,"column":28146}},"672":{"start":{"line":3,"column":28146},"end":{"line":3,"column":28202}},"673":{"start":{"line":3,"column":28202},"end":{"line":3,"column":28376}},"674":{"start":{"line":3,"column":28383},"end":{"line":3,"column":28416}},"675":{"start":{"line":3,"column":28419},"end":{"line":3,"column":28451}},"676":{"start":{"line":3,"column":28452},"end":{"line":3,"column":28784}},"677":{"start":{"line":3,"column":28488},"end":{"line":3,"column":28496}},"678":{"start":{"line":3,"column":28497},"end":{"line":3,"column":28783}},"679":{"start":{"line":3,"column":28514},"end":{"line":3,"column":28783}},"680":{"start":{"line":3,"column":28543},"end":{"line":3,"column":28783}},"681":{"start":{"line":3,"column":28633},"end":{"line":3,"column":28724}},"682":{"start":{"line":3,"column":28704},"end":{"line":3,"column":28724}},"683":{"start":{"line":3,"column":28724},"end":{"line":3,"column":28782}},"684":{"start":{"line":3,"column":28903},"end":{"line":3,"column":28959}},"685":{"start":{"line":3,"column":28966},"end":{"line":3,"column":28983}},"686":{"start":{"line":3,"column":28984},"end":{"line":3,"column":29934}},"687":{"start":{"line":3,"column":29036},"end":{"line":3,"column":29044}},"688":{"start":{"line":3,"column":29045},"end":{"line":3,"column":29933}},"689":{"start":{"line":3,"column":29068},"end":{"line":3,"column":29933}},"690":{"start":{"line":3,"column":29183},"end":{"line":3,"column":29201}},"691":{"start":{"line":3,"column":29223},"end":{"line":3,"column":29247}},"692":{"start":{"line":3,"column":29386},"end":{"line":3,"column":29933}},"693":{"start":{"line":3,"column":29410},"end":{"line":3,"column":29933}},"694":{"start":{"line":3,"column":29452},"end":{"line":3,"column":29933}},"695":{"start":{"line":3,"column":29479},"end":{"line":3,"column":29805}},"696":{"start":{"line":3,"column":29541},"end":{"line":3,"column":29805}},"697":{"start":{"line":3,"column":29805},"end":{"line":3,"column":29932}},"698":{"start":{"line":3,"column":29973},"end":{"line":3,"column":30157}},"699":{"start":{"line":3,"column":29995},"end":{"line":3,"column":30156}},"700":{"start":{"line":3,"column":30196},"end":{"line":3,"column":31189}},"701":{"start":{"line":3,"column":30242},"end":{"line":3,"column":30243}},"702":{"start":{"line":3,"column":30246},"end":{"line":3,"column":30248}},"703":{"start":{"line":3,"column":30251},"end":{"line":3,"column":30253}},"704":{"start":{"line":3,"column":30254},"end":{"line":3,"column":31188}},"705":{"start":{"line":3,"column":30312},"end":{"line":3,"column":30452}},"706":{"start":{"line":3,"column":30478},"end":{"line":3,"column":31133}},"707":{"start":{"line":3,"column":30583},"end":{"line":3,"column":31064}},"708":{"start":{"line":3,"column":31003},"end":{"line":3,"column":31064}},"709":{"start":{"line":3,"column":31064},"end":{"line":3,"column":31132}},"710":{"start":{"line":3,"column":31133},"end":{"line":3,"column":31187}},"711":{"start":{"line":3,"column":31228},"end":{"line":3,"column":31377}},"712":{"start":{"line":3,"column":31262},"end":{"line":3,"column":31270}},"713":{"start":{"line":3,"column":31271},"end":{"line":3,"column":31376}},"714":{"start":{"line":3,"column":31298},"end":{"line":3,"column":31376}},"715":{"start":{"line":3,"column":31430},"end":{"line":3,"column":31455}},"716":{"start":{"line":3,"column":31470},"end":{"line":3,"column":31496}},"717":{"start":{"line":3,"column":31516},"end":{"line":3,"column":31518}},"718":{"start":{"line":3,"column":31521},"end":{"line":3,"column":31777}},"719":{"start":{"line":3,"column":31594},"end":{"line":3,"column":31766}},"720":{"start":{"line":3,"column":31624},"end":{"line":3,"column":31668}},"721":{"start":{"line":3,"column":31668},"end":{"line":3,"column":31674}},"722":{"start":{"line":3,"column":31686},"end":{"line":3,"column":31765}},"723":{"start":{"line":3,"column":31766},"end":{"line":3,"column":31774}},"724":{"start":{"line":3,"column":31778},"end":{"line":3,"column":31806}},"725":{"start":{"line":3,"column":31813},"end":{"line":3,"column":31828}},"726":{"start":{"line":3,"column":31831},"end":{"line":3,"column":31845}},"727":{"start":{"line":3,"column":31846},"end":{"line":4,"column":762}},"728":{"start":{"line":3,"column":31900},"end":{"line":3,"column":31908}},"729":{"start":{"line":3,"column":31911},"end":{"line":3,"column":31915}},"730":{"start":{"line":3,"column":31916},"end":{"line":4,"column":761}},"731":{"start":{"line":3,"column":31937},"end":{"line":4,"column":761}},"732":{"start":{"line":3,"column":31964},"end":{"line":4,"column":761}},"733":{"start":{"line":3,"column":31988},"end":{"line":4,"column":761}},"734":{"start":{"line":4,"column":26},"end":{"line":4,"column":761}},"735":{"start":{"line":4,"column":59},"end":{"line":4,"column":697}},"736":{"start":{"line":4,"column":169},"end":{"line":4,"column":260}},"737":{"start":{"line":4,"column":251},"end":{"line":4,"column":260}},"738":{"start":{"line":4,"column":260},"end":{"line":4,"column":592}},"739":{"start":{"line":4,"column":298},"end":{"line":4,"column":592}},"740":{"start":{"line":4,"column":592},"end":{"line":4,"column":696}},"741":{"start":{"line":4,"column":703},"end":{"line":4,"column":761}},"742":{"start":{"line":4,"column":758},"end":{"line":4,"column":761}},"743":{"start":{"line":4,"column":856},"end":{"line":4,"column":889}},"744":{"start":{"line":4,"column":880},"end":{"line":4,"column":889}},"745":{"start":{"line":4,"column":889},"end":{"line":4,"column":922}},"746":{"start":{"line":4,"column":913},"end":{"line":4,"column":922}},"747":{"start":{"line":4,"column":922},"end":{"line":4,"column":991}},"748":{"start":{"line":4,"column":982},"end":{"line":4,"column":991}},"749":{"start":{"line":4,"column":991},"end":{"line":4,"column":1061}},"750":{"start":{"line":4,"column":1061},"end":{"line":4,"column":1081}},"751":{"start":{"line":4,"column":1072},"end":{"line":4,"column":1081}},"752":{"start":{"line":4,"column":1081},"end":{"line":4,"column":1167}},"753":{"start":{"line":4,"column":1167},"end":{"line":4,"column":1262}},"754":{"start":{"line":4,"column":1258},"end":{"line":4,"column":1262}},"755":{"start":{"line":4,"column":1262},"end":{"line":4,"column":1395}},"756":{"start":{"line":4,"column":1402},"end":{"line":4,"column":1435}},"757":{"start":{"line":4,"column":1438},"end":{"line":4,"column":1470}},"758":{"start":{"line":4,"column":1473},"end":{"line":4,"column":1511}},"759":{"start":{"line":4,"column":1514},"end":{"line":4,"column":1546}},"760":{"start":{"line":4,"column":1549},"end":{"line":4,"column":1584}},"761":{"start":{"line":4,"column":1585},"end":{"line":4,"column":1955}},"762":{"start":{"line":4,"column":1621},"end":{"line":4,"column":1629}},"763":{"start":{"line":4,"column":1630},"end":{"line":4,"column":1954}},"764":{"start":{"line":4,"column":1685},"end":{"line":4,"column":1954}},"765":{"start":{"line":4,"column":1714},"end":{"line":4,"column":1954}},"766":{"start":{"line":4,"column":1804},"end":{"line":4,"column":1895}},"767":{"start":{"line":4,"column":1875},"end":{"line":4,"column":1895}},"768":{"start":{"line":4,"column":1895},"end":{"line":4,"column":1953}},"769":{"start":{"line":4,"column":2182},"end":{"line":4,"column":2261}},"770":{"start":{"line":4,"column":2234},"end":{"line":4,"column":2259}},"771":{"start":{"line":4,"column":2268},"end":{"line":4,"column":2298}},"772":{"start":{"line":4,"column":2301},"end":{"line":4,"column":2319}},"773":{"start":{"line":4,"column":2322},"end":{"line":4,"column":2348}},"774":{"start":{"line":4,"column":2349},"end":{"line":4,"column":2842}},"775":{"start":{"line":4,"column":2385},"end":{"line":4,"column":2841}},"776":{"start":{"line":4,"column":2410},"end":{"line":4,"column":2841}},"777":{"start":{"line":4,"column":2443},"end":{"line":4,"column":2841}},"778":{"start":{"line":4,"column":2474},"end":{"line":4,"column":2841}},"779":{"start":{"line":4,"column":2523},"end":{"line":4,"column":2841}},"780":{"start":{"line":4,"column":2897},"end":{"line":4,"column":2937}},"781":{"start":{"line":4,"column":2956},"end":{"line":4,"column":2992}},"782":{"start":{"line":4,"column":2999},"end":{"line":4,"column":3005}},"783":{"start":{"line":4,"column":3008},"end":{"line":4,"column":3015}},"784":{"start":{"line":4,"column":3018},"end":{"line":4,"column":3031}},"785":{"start":{"line":4,"column":3034},"end":{"line":4,"column":3037}},"786":{"start":{"line":4,"column":3038},"end":{"line":4,"column":3997}},"787":{"start":{"line":4,"column":3098},"end":{"line":4,"column":3996}},"788":{"start":{"line":4,"column":3123},"end":{"line":4,"column":3996}},"789":{"start":{"line":4,"column":3161},"end":{"line":4,"column":3996}},"790":{"start":{"line":4,"column":3192},"end":{"line":4,"column":3996}},"791":{"start":{"line":4,"column":3249},"end":{"line":4,"column":3996}},"792":{"start":{"line":4,"column":3293},"end":{"line":4,"column":3351}},"793":{"start":{"line":4,"column":3351},"end":{"line":4,"column":3391}},"794":{"start":{"line":4,"column":3391},"end":{"line":4,"column":3995}},"795":{"start":{"line":4,"column":3393},"end":{"line":4,"column":3995}},"796":{"start":{"line":4,"column":3432},"end":{"line":4,"column":3995}},"797":{"start":{"line":4,"column":3494},"end":{"line":4,"column":3863}},"798":{"start":{"line":4,"column":3507},"end":{"line":4,"column":3863}},"799":{"start":{"line":4,"column":3559},"end":{"line":4,"column":3863}},"800":{"start":{"line":4,"column":3592},"end":{"line":4,"column":3852}},"801":{"start":{"line":4,"column":3852},"end":{"line":4,"column":3862}},"802":{"start":{"line":4,"column":3863},"end":{"line":4,"column":3952}},"803":{"start":{"line":4,"column":3958},"end":{"line":4,"column":3995}},"804":{"start":{"line":4,"column":4042},"end":{"line":4,"column":4068}},"805":{"start":{"line":4,"column":4071},"end":{"line":4,"column":4101}},"806":{"start":{"line":4,"column":4104},"end":{"line":4,"column":4242}},"807":{"start":{"line":4,"column":4245},"end":{"line":4,"column":4287}},"808":{"start":{"line":4,"column":4288},"end":{"line":4,"column":4934}},"809":{"start":{"line":4,"column":4328},"end":{"line":4,"column":4333}},"810":{"start":{"line":4,"column":4334},"end":{"line":4,"column":4933}},"811":{"start":{"line":4,"column":5028},"end":{"line":4,"column":5462}},"812":{"start":{"line":4,"column":5068},"end":{"line":4,"column":5073}},"813":{"start":{"line":4,"column":5076},"end":{"line":4,"column":5095}},"814":{"start":{"line":4,"column":5096},"end":{"line":4,"column":5115}},"815":{"start":{"line":4,"column":5106},"end":{"line":4,"column":5115}},"816":{"start":{"line":4,"column":5115},"end":{"line":4,"column":5173}},"817":{"start":{"line":4,"column":5169},"end":{"line":4,"column":5173}},"818":{"start":{"line":4,"column":5173},"end":{"line":4,"column":5418}},"819":{"start":{"line":4,"column":5234},"end":{"line":4,"column":5279}},"820":{"start":{"line":4,"column":5275},"end":{"line":4,"column":5279}},"821":{"start":{"line":4,"column":5279},"end":{"line":4,"column":5417}},"822":{"start":{"line":4,"column":5297},"end":{"line":4,"column":5417}},"823":{"start":{"line":4,"column":5418},"end":{"line":4,"column":5461}},"824":{"start":{"line":4,"column":5501},"end":{"line":4,"column":6399}},"825":{"start":{"line":4,"column":5541},"end":{"line":4,"column":5549}},"826":{"start":{"line":4,"column":5552},"end":{"line":4,"column":5557}},"827":{"start":{"line":4,"column":5558},"end":{"line":4,"column":5596}},"828":{"start":{"line":4,"column":5587},"end":{"line":4,"column":5596}},"829":{"start":{"line":4,"column":5596},"end":{"line":4,"column":5610}},"830":{"start":{"line":4,"column":5601},"end":{"line":4,"column":5610}},"831":{"start":{"line":4,"column":5610},"end":{"line":4,"column":5629}},"832":{"start":{"line":4,"column":5620},"end":{"line":4,"column":5629}},"833":{"start":{"line":4,"column":5629},"end":{"line":4,"column":5669}},"834":{"start":{"line":4,"column":5660},"end":{"line":4,"column":5669}},"835":{"start":{"line":4,"column":5669},"end":{"line":4,"column":5711}},"836":{"start":{"line":4,"column":5702},"end":{"line":4,"column":5711}},"837":{"start":{"line":4,"column":5711},"end":{"line":4,"column":5786}},"838":{"start":{"line":4,"column":5777},"end":{"line":4,"column":5786}},"839":{"start":{"line":4,"column":5786},"end":{"line":4,"column":5806}},"840":{"start":{"line":4,"column":5797},"end":{"line":4,"column":5806}},"841":{"start":{"line":4,"column":5806},"end":{"line":4,"column":5833}},"842":{"start":{"line":4,"column":5824},"end":{"line":4,"column":5833}},"843":{"start":{"line":4,"column":5833},"end":{"line":4,"column":5879}},"844":{"start":{"line":4,"column":5875},"end":{"line":4,"column":5879}},"845":{"start":{"line":4,"column":5879},"end":{"line":4,"column":5942}},"846":{"start":{"line":4,"column":5888},"end":{"line":4,"column":5942}},"847":{"start":{"line":4,"column":5942},"end":{"line":4,"column":6208}},"848":{"start":{"line":4,"column":5972},"end":{"line":4,"column":6186}},"849":{"start":{"line":4,"column":6175},"end":{"line":4,"column":6180}},"850":{"start":{"line":4,"column":6180},"end":{"line":4,"column":6185}},"851":{"start":{"line":4,"column":6186},"end":{"line":4,"column":6207}},"852":{"start":{"line":4,"column":6208},"end":{"line":4,"column":6398}},"853":{"start":{"line":4,"column":6452},"end":{"line":4,"column":6500}},"854":{"start":{"line":4,"column":6529},"end":{"line":4,"column":6530}},"855":{"start":{"line":4,"column":6533},"end":{"line":4,"column":6535}},"856":{"start":{"line":4,"column":6538},"end":{"line":4,"column":6540}},"857":{"start":{"line":4,"column":6543},"end":{"line":4,"column":6551}},"858":{"start":{"line":4,"column":6554},"end":{"line":4,"column":6573}},"859":{"start":{"line":4,"column":6574},"end":{"line":4,"column":6643}},"860":{"start":{"line":4,"column":6639},"end":{"line":4,"column":6643}},"861":{"start":{"line":4,"column":6643},"end":{"line":4,"column":6831}},"862":{"start":{"line":4,"column":6832},"end":{"line":4,"column":7739}},"863":{"start":{"line":4,"column":6876},"end":{"line":4,"column":6884}},"864":{"start":{"line":4,"column":6887},"end":{"line":4,"column":6892}},"865":{"start":{"line":4,"column":6895},"end":{"line":4,"column":6914}},"866":{"start":{"line":4,"column":6915},"end":{"line":4,"column":6942}},"867":{"start":{"line":4,"column":6933},"end":{"line":4,"column":6942}},"868":{"start":{"line":4,"column":6942},"end":{"line":4,"column":6956}},"869":{"start":{"line":4,"column":6947},"end":{"line":4,"column":6956}},"870":{"start":{"line":4,"column":6956},"end":{"line":4,"column":7047}},"871":{"start":{"line":4,"column":6991},"end":{"line":4,"column":7047}},"872":{"start":{"line":4,"column":7047},"end":{"line":4,"column":7089}},"873":{"start":{"line":4,"column":7080},"end":{"line":4,"column":7089}},"874":{"start":{"line":4,"column":7089},"end":{"line":4,"column":7395}},"875":{"start":{"line":4,"column":7118},"end":{"line":4,"column":7395}},"876":{"start":{"line":4,"column":7149},"end":{"line":4,"column":7171}},"877":{"start":{"line":4,"column":7176},"end":{"line":4,"column":7364}},"878":{"start":{"line":4,"column":7216},"end":{"line":4,"column":7314}},"879":{"start":{"line":4,"column":7242},"end":{"line":4,"column":7268}},"880":{"start":{"line":4,"column":7250},"end":{"line":4,"column":7262}},"881":{"start":{"line":4,"column":7262},"end":{"line":4,"column":7267}},"882":{"start":{"line":4,"column":7268},"end":{"line":4,"column":7295}},"883":{"start":{"line":4,"column":7289},"end":{"line":4,"column":7295}},"884":{"start":{"line":4,"column":7295},"end":{"line":4,"column":7313}},"885":{"start":{"line":4,"column":7314},"end":{"line":4,"column":7346}},"886":{"start":{"line":4,"column":7331},"end":{"line":4,"column":7340}},"887":{"start":{"line":4,"column":7340},"end":{"line":4,"column":7345}},"888":{"start":{"line":4,"column":7346},"end":{"line":4,"column":7355}},"889":{"start":{"line":4,"column":7355},"end":{"line":4,"column":7363}},"890":{"start":{"line":4,"column":7364},"end":{"line":4,"column":7394}},"891":{"start":{"line":4,"column":7395},"end":{"line":4,"column":7738}},"892":{"start":{"line":4,"column":7784},"end":{"line":4,"column":7807}},"893":{"start":{"line":4,"column":7810},"end":{"line":4,"column":7834}},"894":{"start":{"line":4,"column":7837},"end":{"line":4,"column":7875}},"895":{"start":{"line":4,"column":7878},"end":{"line":4,"column":7912}},"896":{"start":{"line":4,"column":7915},"end":{"line":4,"column":7953}},"897":{"start":{"line":4,"column":7956},"end":{"line":4,"column":7983}},"898":{"start":{"line":4,"column":7984},"end":{"line":4,"column":8421}},"899":{"start":{"line":4,"column":8020},"end":{"line":4,"column":8025}},"900":{"start":{"line":4,"column":8028},"end":{"line":4,"column":8036}},"901":{"start":{"line":4,"column":8037},"end":{"line":4,"column":8074}},"902":{"start":{"line":4,"column":8065},"end":{"line":4,"column":8074}},"903":{"start":{"line":4,"column":8074},"end":{"line":4,"column":8383}},"904":{"start":{"line":4,"column":8083},"end":{"line":4,"column":8383}},"905":{"start":{"line":4,"column":8118},"end":{"line":4,"column":8282}},"906":{"start":{"line":4,"column":8147},"end":{"line":4,"column":8282}},"907":{"start":{"line":4,"column":8288},"end":{"line":4,"column":8383}},"908":{"start":{"line":4,"column":8330},"end":{"line":4,"column":8383}},"909":{"start":{"line":4,"column":8383},"end":{"line":4,"column":8420}},"910":{"start":{"line":4,"column":8502},"end":{"line":4,"column":8539}},"911":{"start":{"line":4,"column":8529},"end":{"line":4,"column":8539}},"912":{"start":{"line":4,"column":8539},"end":{"line":4,"column":8968}},"913":{"start":{"line":4,"column":8606},"end":{"line":4,"column":8626}},"914":{"start":{"line":4,"column":8661},"end":{"line":4,"column":8666}},"915":{"start":{"line":4,"column":8669},"end":{"line":4,"column":8677}},"916":{"start":{"line":4,"column":8678},"end":{"line":4,"column":8715}},"917":{"start":{"line":4,"column":8706},"end":{"line":4,"column":8715}},"918":{"start":{"line":4,"column":8715},"end":{"line":4,"column":8929}},"919":{"start":{"line":4,"column":8727},"end":{"line":4,"column":8812}},"920":{"start":{"line":4,"column":8768},"end":{"line":4,"column":8812}},"921":{"start":{"line":4,"column":8812},"end":{"line":4,"column":8928}},"922":{"start":{"line":4,"column":8823},"end":{"line":4,"column":8910}},"923":{"start":{"line":4,"column":8906},"end":{"line":4,"column":8910}},"924":{"start":{"line":4,"column":8910},"end":{"line":4,"column":8927}},"925":{"start":{"line":4,"column":8929},"end":{"line":4,"column":8967}},"926":{"start":{"line":4,"column":9013},"end":{"line":4,"column":9045}},"927":{"start":{"line":4,"column":9046},"end":{"line":4,"column":9569}},"928":{"start":{"line":4,"column":9084},"end":{"line":4,"column":9092}},"929":{"start":{"line":4,"column":9095},"end":{"line":4,"column":9100}},"930":{"start":{"line":4,"column":9101},"end":{"line":4,"column":9568}},"931":{"start":
[...]
0,0],"640":[0,0,0,0,0,0,0,0,0,0,0,0,0,0,0,0,0,0,0,0,0,0],"641":[0,0],"642":[0,0],"643":[0,0],"644":[0,0],"645":[0,0],"646":[0,0],"647":[0,0],"648":[0,0],"649":[0,0],"650":[0,0],"651":[0,0],"652":[0,0],"653":[0,0],"654":[0,0],"655":[0,0],"656":[0,0],"657":[0,0],"658":[0,0],"659":[0,0],"660":[0,0],"661":[0,0],"662":[0,0],"663":[0,0],"664":[0,0],"665":[0,0],"666":[0,0],"667":[0,0],"668":[0,0],"669":[0,0],"670":[0,0],"671":[0,0],"672":[0,0],"673":[0,0],"674":[0,0],"675":[0,0],"676":[0,0],"677":[0,0],"678":[0,0],"679":[0,0],"680":[0,0],"681":[0,0],"682":[0,0],"683":[0,0],"684":[0,0],"685":[0,0],"686":[0,0],"687":[0,0],"688":[0,0],"689":[0,0],"690":[0,0,0,0,0,0,0],"691":[0,0],"692":[0,0],"693":[0,0],"694":[0,0],"695":[0,0],"696":[0,0],"697":[0,0],"698":[0,0],"699":[0,0,0],"700":[0,0,0],"701":[0,0],"702":[0,0],"703":[0,0,0,0,0],"704":[0,0],"705":[0,0,0,0],"706":[0,0],"707":[0,0],"708":[0,0],"709":[0,0,0,0],"710":[0,0],"711":[0,0],"712":[0,0]}},"/Users/lgy/Documents/Own/gyblog-wxapp/plugins/wemark/wemark.js":{"path":"/Users/lgy/Documents/Own/gyblog-wxapp/plugins/wemark/wemark.js","statementMap":{"0":{"start":{"line":1,"column":17},"end":{"line":1,"column":40}},"1":{"start":{"line":2,"column":13},"end":{"line":4,"column":2}},"2":{"start":{"line":8,"column":1},"end":{"line":8,"column":27}},"3":{"start":{"line":8,"column":14},"end":{"line":8,"column":27}},"4":{"start":{"line":9,"column":1},"end":{"line":9,"column":43}},"5":{"start":{"line":9,"column":19},"end":{"line":9,"column":43}},"6":{"start":{"line":16,"column":14},"end":{"line":16,"column":34}},"7":{"start":{"line":19,"column":18},"end":{"line":19,"column":20}},"8":{"start":{"line":21,"column":19},"end":{"line":21,"column":21}},"9":{"start":{"line":23,"column":11},"end":{"line":26,"column":2}},"10":{"start":{"line":28,"column":11},"end":{"line":28,"column":13}},"11":{"start":{"line":30,"column":17},"end":{"line":30,"column":18}},"12":{"start":{"line":32,"column":16},"end":{"line":32,"column":22}},"13":{"start":{"line":36,"column":24},"end":{"line":85,"column":2}},"14":{"start":{"line":37,"column":12},"end":{"line":37,"column":14}},"15":{"start":{"line":40,"column":2},"end":{"line":82,"column":3}},"16":{"start":{"line":43,"column":21},"end":{"line":43,"column":121}},"17":{"start":{"line":46,"column":14},"end":{"line":46,"column":52}},"18":{"start":{"line":47,"column":3},"end":{"line":60,"column":4}},"19":{"start":{"line":48,"column":4},"end":{"line":59,"column":5}},"20":{"start":{"line":49,"column":20},"end":{"line":52,"column":6}},"21":{"start":{"line":54,"column":5},"end":{"line":56,"column":6}},"22":{"start":{"line":55,"column":6},"end":{"line":55,"column":33}},"23":{"start":{"line":58,"column":5},"end":{"line":58,"column":24}},"24":{"start":{"line":62,"column":3},"end":{"line":81,"column":6}},"25":{"start":{"line":63,"column":4},"end":{"line":80,"column":5}},"26":{"start":{"line":64,"column":5},"end":{"line":67,"column":8}},"27":{"start":{"line":68,"column":5},"end":{"line":68,"column":14}},"28":{"start":{"line":69,"column":10},"end":{"line":80,"column":5}},"29":{"start":{"line":70,"column":5},"end":{"line":70,"column":21}},"30":{"start":{"line":71,"column":10},"end":{"line":80,"column":5}},"31":{"start":{"line":72,"column":5},"end":{"line":72,"column":20}},"32":{"start":{"line":73,"column":10},"end":{"line":80,"column":5}},"33":{"start":{"line":74,"column":5},"end":{"line":74,"column":16}},"34":{"start":{"line":75,"column":10},"end":{"line":80,"column":5}},"35":{"start":{"line":76,"column":5},"end":{"line":79,"column":8}},"36":{"start":{"line":84,"column":2},"end":{"line":84,"column":13}},"37":{"start":{"line":87,"column":23},"end":{"line":162,"column":2}},"38":{"start":{"line":88,"column":2},"end":{"line":161,"column":3}},"39":{"start":{"line":89,"column":3},"end":{"line":89,"column":39}},"40":{"start":{"line":90,"column":8},"end":{"line":161,"column":3}},"41":{"start":{"line":91,"column":3},"end":{"line":94,"column":5}},"42":{"start":{"line":95,"column":8},"end":{"line":161,"column":3}},"43":{"start":{"line":96,"column":14},"end":{"line":96,"column":17}},"44":{"start":{"line":97,"column":16},"end":{"line":97,"column":18}},"45":{"start":{"line":98,"column":3},"end":{"line":100,"column":4}},"46":{"start":{"line":99,"column":4},"end":{"line":99,"column":33}},"47":{"start":{"line":102,"column":17},"end":{"line":102,"column":50}},"48":{"start":{"line":105,"column":3},"end":{"line":110,"column":4}},"49":{"start":{"line":106,"column":4},"end":{"line":109,"column":7}},"50":{"start":{"line":112,"column":3},"end":{"line":115,"column":5}},"51":{"start":{"line":116,"column":8},"end":{"line":161,"column":3}},"52":{"start":{"line":117,"column":3},"end":{"line":120,"column":5}},"53":{"start":{"line":121,"column":8},"end":{"line":161,"column":3}},"54":{"start":{"line":122,"column":3},"end":{"line":122,"column":18}},"55":{"start":{"line":123,"column":3},"end":{"line":123,"column":15}},"56":{"start":{"line":124,"column":8},"end":{"line":161,"column":3}},"57":{"start":{"line":125,"column":3},"end":{"line":125,"column":18}},"58":{"start":{"line":126,"column":3},"end":{"line":126,"column":15}},"59":{"start":{"line":127,"column":8},"end":{"line":161,"column":3}},"60":{"start":{"line":128,"column":3},"end":{"line":128,"column":18}},"61":{"start":{"line":129,"column":3},"end":{"line":131,"column":4}},"62":{"start":{"line":130,"column":4},"end":{"line":130,"column":30}},"63":{"start":{"line":132,"column":8},"end":{"line":161,"column":3}},"64":{"start":{"line":133,"column":3},"end":{"line":133,"column":13}},"65":{"start":{"line":134,"column":8},"end":{"line":161,"column":3}},"66":{"start":{"line":135,"column":3},"end":{"line":135,"column":13}},"67":{"start":{"line":136,"column":3},"end":{"line":136,"column":15}},"68":{"start":{"line":137,"column":8},"end":{"line":161,"column":3}},"69":{"start":{"line":138,"column":3},"end":{"line":138,"column":13}},"70":{"start":{"line":139,"column":3},"end":{"line":139,"column":15}},"71":{"start":{"line":140,"column":3},"end":{"line":140,"column":27}},"72":{"start":{"line":141,"column":8},"end":{"line":161,"column":3}},"73":{"start":{"line":142,"column":3},"end":{"line":142,"column":26}},"74":{"start":{"line":143,"column":8},"end":{"line":161,"column":3}},"75":{"start":{"line":144,"column":3},"end":{"line":144,"column":13}},"76":{"start":{"line":145,"column":8},"end":{"line":161,"column":3}},"77":{"start":{"line":146,"column":3},"end":{"line":149,"column":5}},"78":{"start":{"line":150,"column":3},"end":{"line":150,"column":14}},"79":{"start":{"line":151,"column":8},"end":{"line":161,"column":3}},"80":{"start":{"line":152,"column":3},"end":{"line":155,"column":6}},"81":{"start":{"line":154,"column":68},"end":{"line":154,"column":90}},"82":{"start":{"line":156,"column":8},"end":{"line":161,"column":3}},"83":{"start":{"line":157,"column":3},"end":{"line":160,"column":6}},"84":{"start":{"line":159,"column":68},"end":{"line":159,"column":90}},"85":{"start":{"line":164,"column":1},"end":{"line":173,"column":4}},"86":{"start":{"line":165,"column":21},"end":{"line":165,"column":50}},"87":{"start":{"line":166,"column":2},"end":{"line":172,"column":3}},"88":{"start":{"line":167,"column":3},"end":{"line":169,"column":6}},"89":{"start":{"line":168,"column":4},"end":{"line":168,"column":27}},"90":{"start":{"line":170,"column":8},"end":{"line":172,"column":3}},"91":{"start":{"line":171,"column":3},"end":{"line":171,"column":33}},"92":{"start":{"line":185,"column":11},"end":{"line":185,"column":13}},"93":{"start":{"line":186,"column":1},"end":{"line":186,"column":25}},"94":{"start":{"line":187,"column":1},"end":{"line":187,"column":19}},"95":{"start":{"line":191,"column":0},"end":{"line":193,"column":2}}},"fnMap":{"0":{"name":"parse","decl":{"start":{"line":6,"column":9},"end":{"line":6,"column":14}},"loc":{"start":{"line":6,"column":33},"end":{"line":189,"column":1}},"line":6},"1":{"name":"(anonymous_1)","decl":{"start":{"line":36,"column":24},"end":{"line":36,"column":25}},"loc":{"start":{"line":36,"column":45},"end":{"line":85,"column":2}},"line":36},"2":{"name":"(anonymous_2)","decl":{"start":{"line":62,"column":32},"end":{"line":62,"column":33}},"loc":{"start":{"line":62,"column":54},"end":{"line":81,"column":4}},"line":62},"3":{"name":"(anonymous_3)","decl":{"start":{"line":87,"column":23},"end":{"line":87,"column":24}},"loc":{"start":{"line":87,"column":50},"end":{"line":162,"column":2}},"line":87},"4":{"name":"(anonymous_4)","decl":{"start":{"line":154,"column":51},"end":{"line":154,"column":52}},"loc":{"start":{"line":154,"column":67},"end":{"line":154,"column":91}},"line":154},"5":{"name":"(anonymous_5)","decl":{"start":{"line":159,"column":51},"end":{"line":159,"column":52}},"loc":{"start":{"line":159,"column":67},"end":{"line":159,"column":91}},"line":159},"6":{"name":"(anonymous_6)","decl":{"start":{"line":164,"column":16},"end":{"line":164,"column":17}},"loc":{"start":{"line":164,"column":38},"end":{"line":173,"column":2}},"line":164},"7":{"name":"(anonymous_7)","decl":{"start":{"line":167,"column":24},"end":{"line":167,"column":25}},"loc":{"start":{"line":167,"column":39},"end":{"line":169,"column":4}},"line":167}},"branchMap":{"0":{"loc":{"start":{"line":8,"column":1},"end":{"line":8,"column":27}},"type":"if","locations":[{"start":{"line":8,"column":1},"end":{"line":8,"column":27}},{"start":{"line":8,"column":1},"end":{"line":8,"column":27}}],"line":8},"1":{"loc":{"start":{"line":9,"column":1},"end":{"line":9,"column":43}},"type":"if","locations":[{"start":{"line":9,"column":1},"end":{"line":9,"column":43}},{"start":{"line":9,"column":1},"end":{"line":9,"column":43}}],"line":9},"2":{"loc":{"start":{"line":40,"column":2},"end":{"line":82,"column":3}},"type":"if","locations":[{"start":{"line":40,"column":2},"end":{"line":82,"column":3}},{"start":{"line":40,"column":2},"end":{"line":82,"column":3}}],"line":40},"3":{"loc":{"start":{"line":48,"column":4},"end":{"line":59,"column":5}},"type":"if","locations":[{"start":{"line":48,"column":4},"end":{"line":59,"column":5}},{"start":{"line":48,"column":4},"end":{"line":59,"column":5}}],"line":48},"4":{"loc":{"start":{"line":54,"column":5},"end":{"line":56,"column":6}},"type":"if","locations":[{"start":{"line":54,"column":5},"end":{"line":56,"column":6}},{"start":{"line":54,"column":5},"end":{"line":56,"column":6}}],"line":54},"5":{"loc":{"start":{"line":63,"column":4},"end":{"line":80,"column":5}},"type":"if","locations":[{"start":{"line":63,"column":4},"end":{"line":80,"column":5}},{"start":{"line":63,"column":4},"end":{"line":80,"column":5}}],"line":63},"6":{"loc":{"start":{"line":65,"column":12},"end":{"line":65,"column":29}},"type":"binary-expr","locations":[{"start":{"line":65,"column":12},"end":{"line":65,"column":15}},{"start":{"line":65,"column":19},"end":{"line":65,"column":29}}],"line":65},"7":{"loc":{"start":{"line":69,"column":10},"end":{"line":80,"column":5}},"type":"if","locations":[{"start":{"line":69,"column":10},"end":{"line":80,"column":5}},{"start":{"line":69,"column":10},"end":{"line":80,"column":5}}],"line":69},"8":{"loc":{"start":{"line":71,"column":10},"end":{"line":80,"column":5}},"type":"if","locations":[{"start":{"line":71,"column":10},"end":{"line":80,"column":5}},{"start":{"line":71,"column":10},"end":{"line":80,"column":5}}],"line":71},"9":{"loc":{"start":{"line":73,"column":10},"end":{"line":80,"column":5}},"type":"if","locations":[{"start":{"line":73,"column":10},"end":{"line":80,"column":5}},{"start":{"line":73,"column":10},"end":{"line":80,"column":5}}],"line":73},"10":{"loc":{"start":{"line":75,"column":10},"end":{"line":80,"column":5}},"type":"if","locations":[{"start":{"line":75,"column":10},"end":{"line":80,"column":5}},{"start":{"line":75,"column":10},"end":{"line":80,"column":5}}],"line":75},"11":{"loc":{"start":{"line":88,"column":2},"end":{"line":161,"column":3}},"type":"if","locations":[{"start":{"line":88,"column":2},"end":{"line":161,"column":3}},{"start":{"line":88,"column":2},"end":{"line":161,"column":3}}],"line":88},"12":{"loc":{"start":{"line":90,"column":8},"end":{"line":161,"column":3}},"type":"if","locations":[{"start":{"line":90,"column":8},"end":{"line":161,"column":3}},{"start":{"line":90,"column":8},"end":{"line":161,"column":3}}],"line":90},"13":{"loc":{"start":{"line":95,"column":8},"end":{"line":161,"column":3}},"type":"if","locations":[{"start":{"line":95,"column":8},"end":{"line":161,"column":3}},{"start":{"line":95,"column":8},"end":{"line":161,"column":3}}],"line":95},"14":{"loc":{"start":{"line":98,"column":3},"end":{"line":100,"column":4}},"type":"if","locations":[{"start":{"line":98,"column":3},"end":{"line":100,"column":4}},{"start":{"line":98,"column":3},"end":{"line":100,"column":4}}],"line":98},"15":{"loc":{"start":{"line":105,"column":3},"end":{"line":110,"column":4}},"type":"if","locations":[{"start":{"line":105,"column":3},"end":{"line":110,"column":4}},{"start":{"line":105,"column":3},"end":{"line":110,"column":4}}],"line":105},"16":{"loc":{"start":{"line":105,"column":6},"end":{"line":105,"column":66}},"type":"binary-expr","locations":[{"start":{"line":105,"column":6},"end":{"line":105,"column":34}},{"start":{"line":105,"column":38},"end":{"line":105,"column":66}}],"line":105},"17":{"loc":{"start":{"line":116,"column":8},"end":{"line":161,"column":3}},"type":"if","locations":[{"start":{"line":116,"column":8},"end":{"line":161,"column":3}},{"start":{"line":116,"column":8},"end":{"line":161,"column":3}}],"line":116},"18":{"loc":{"start":{"line":121,"column":8},"end":{"line":161,"column":3}},"type":"if","locations":[{"start":{"line":121,"column":8},"end":{"line":161,"column":3}},{"start":{"line":121,"column":8},"end":{"line":161,"column":3}}],"line":121},"19":{"loc":{"start":{"line":124,"column":8},"end":{"line":161,"column":3}},"type":"if","locations":[{"start":{"line":124,"column":8},"end":{"line":161,"column":3}},{"start":{"line":124,"column":8},"end":{"line":161,"column":3}}],"line":124},"20":{"loc":{"start":{"line":127,"column":8},"end":{"line":161,"column":3}},"type":"if","locations":[{"start":{"line":127,"column":8},"end":{"line":161,"column":3}},{"start":{"line":127,"column":8},"end":{"line":161,"column":3}}],"line":127},"21":{"loc":{"start":{"line":129,"column":3},"end":{"line":131,"column":4}},"type":"if","locations":[{"start":{"line":129,"column":3},"end":{"line":131,"column":4}},{"start":{"line":129,"column":3},"end":{"line":131,"column":4}}],"line":129},"22":{"loc":{"start":{"line":132,"column":8},"end":{"line":161,"column":3}},"type":"if","locations":[{"start":{"line":132,"column":8},"end":{"line":161,"column":3}},{"start":{"line":132,"column":8},"end":{"line":161,"column":3}}],"line":132},"23":{"loc":{"start":{"line":134,"column":8},"end":{"line":161,"column":3}},"type":"if","locations":[{"start":{"line":134,"column":8},"end":{"line":161,"column":3}},{"start":{"line":134,"column":8},"end":{"line":161,"column":3}}],"line":134},"24":{"loc":{"start":{"line":137,"column":8},"end":{"line":161,"column":3}},"type":"if","locations":[{"start":{"line":137,"column":8},"end":{"line":161,"column":3}},{"start":{"line":137,"column":8},"end":{"line":161,"column":3}}],"line":137},"25":{"loc":{"start":{"line":141,"column":8},"end":{"line":161,"column":3}},"type":"if","locations":[{"start":{"line":141,"column":8},"end":{"line":161,"column":3}},{"start":{"line":141,"column":8},"end":{"line":161,"column":3}}],"line":141},"26":{"loc":{"start":{"line":143,"column":8},"end":{"line":161,"column":3}},"type":"if","locations":[{"start":{"line":143,"column":8},"end":{"line":161,"column":3}},{"start":{"line":143,"column":8},"end":{"line":161,"column":3}}],"line":143},"27":{"loc":{"start":{"line":145,"column":8},"end":{"line":161,"column":3}},"type":"if","locations":[{"start":{"line":145,"column":8},"end":{"line":161,"column":3}},{"start":{"line":145,"column":8},"end":{"line":161,"column":3}}],"line":145},"28":{"loc":{"start":{"line":151,"column":8},"end":{"line":161,"column":3}},"type":"if","locations":[{"start":{"line":151,"column":8},"end":{"line":161,"column":3}},{"start":{"line":151,"column":8},"end":{"line":161,"column":3}}],"line":151},"29":{"loc":{"start":{"line":156,"column":8},"end":{"line":161,"column":3}},"type":"if","locations":[{"start":{"line":156,"column":8},"end":{"line":161,"column":3}},{"start":{"line":156,"column":8},"end":{"line":161,"column":3}}],"line":156},"30":{"loc":{"start":{"line":166,"column":2},"end":{"line":172,"column":3}},"type":"if","locations":[{"start":{"line":166,"column":2},"end":{"line":172,"column":3}},{"start":{"line":166,"column":2},"end":{"line":172,"column":3}}],"line":166},"31":{"loc":{"start":{"line":170,"column":8},"end":{"line":172,"column":3}},"type":"if","locations":[{"start":{"line":170,"column":8},"end":{"line":172,"column":3}},{"start":{"line":170,"column":8},"end":{"line":172,"column":3}}],"line":170}},"s":{"0":0,"1":0,"2":0,"3":0,"4":0,"5":0,"6":0,"7":0,"8":0,"9":0,"10":0,"11":0,"12":0,"13":0,"14":0,"15":0,"16":0,"17":0,"18":0,"19":0,"20":0,"21":0,"22":0,"23":0,"24":0,"25":0,"26":0,"27":0,"28":0,"29":0,"30":0,"31":0,"32":0,"33":0,"34":0,"35":0,"36":0,"37":0,"38":0,"39":0,"40":0,"41":0,"42":0,"43":0,"44":0,"45":0,"46":0,"47":0,"48":0,"49":0,"50":0,"51":0,"52":0,"53":0,"54":0,"55":0,"56":0,"57":0,"58":0,"59":0,"60":0,"61":0,"62":0,"63":0,"64":0,"65":0,"66":0,"67":0,"68":0,"69":0,"70":0,"71":0,"72":0,"73":0,"74":0,"75":0,"76":0,"77":0,"78":0,"79":0,"80":0,"81":0,"82":0,"83":0,"84":0,"85":0,"86":0,"87":0,"88":0,"89":0,"90":0,"91":0,"92":0,"93":0,"94":0,"95":0},"f":{"0":0,"1":0,"2":0,"3":0,"4":0,"5":0,"6":0,"7":0},"b":{"0":[0,0],"1":[0,0],"2":[0,0],"3":[0,0],"4":[0,0],"5":[0,0],"6":[0,0],"7":[0,0],"8":[0,0],"9":[0,0],"10":[0,0],"11":[0,0],"12":[0,0],"13":[0,0],"14":[0,0],"15":[0,0],"16":[0,0],"17":[0,0],"18":[0,0],"19":[0,0],"20":[0,0],"21":[0,0],"22":[0,0],"23":[0,0],"24":[0,0],"25":[0,0],"26":[0,0],"27":[0,0],"28":[0,0],"29":[0,0],"30":[0,0],"31":[0,0]}},"/Users/lgy/Documents/Own/gyblog-wxapp/utils/util.js":{"path":"/Users/lgy/Documents/Own/gyblog-wxapp/utils/util.js","statementMap":{"0":{"start":{"line":2,"column":13},"end":{"line":2,"column":31}},"1":{"start":{"line":3,"column":14},"end":{"line":3,"column":33}},"2":{"start":{"line":4,"column":12},"end":{"line":4,"column":26}},"3":{"start":{"line":6,"column":13},"end":{"line":6,"column":28}},"4":{"start":{"line":7,"column":15},"end":{"line":7,"column":32}},"5":{"start":{"line":8,"column":15},"end":{"line":8,"column":32}},"6":{"start":{"line":9,"column":2},"end":{"line":13,"column":3}},"7":{"start":{"line":10,"column":4},"end":{"line":10,"column":116}},"8":{"start":{"line":12,"column":4},"end":{"line":12,"column":57}},"9":{"start":{"line":17,"column":2},"end":{"line":17,"column":18}},"10":{"start":{"line":18,"column":2},"end":{"line":18,"column":27}},"11":{"start":{"line":21,"column":0},"end":{"line":23,"column":1}}},"fnMap":{"0":{"name":"formatTime","decl":{"start":{"line":1,"column":9},"end":{"line":1,"column":19}},"loc":{"start":{"line":1,"column":39},"end":{"line":14,"column":1}},"line":1},"1":{"name":"formatNumber","decl":{"start":{"line":16,"column":9},"end":{"line":16,"column":21}},"loc":{"start":{"line":16,"column":25},"end":{"line":19,"column":1}},"line":16}},"branchMap":{"0":{"loc":{"start":{"line":1,"column":26},"end":{"line":1,"column":37}},"type":"default-arg","locations":[{"start":{"line":1,"column":35},"end":{"line":1,"column":37}}],"line":1},"1":{"loc":{"start":{"line":9,"column":2},"end":{"line":13,"column":3}},"type":"if","locations":[{"start":{"line":9,"column":2},"end":{"line":13,"column":3}},{"start":{"line":9,"column":2},"end":{"line":13,"column":3}}],"line":9},"2":{"loc":{"start":{"line":18,"column":9},"end":{"line":18,"column":27}},"type":"cond-expr","locations":[{"start":{"line":18,"column":16},"end":{"line":18,"column":17}},{"start":{"line":18,"column":20},"end":{"line":18,"column":27}}],"line":18}},"s":{"0":0,"1":0,"2":0,"3":0,"4":0,"5":0,"6":0,"7":0,"8":0,"9":0,"10":0,"11":0},"f":{"0":0,"1":0},"b":{"0":[0],"1":[0,0],"2":[0,0]}}}