TN:
SF:/Users/lgy/Documents/Own/gyblog-wxapp/app.js
FN:24,(anonymous_0)
FN:32,(anonymous_1)
FNF:2
FNH:0
FNDA:0,(anonymous_0)
FNDA:0,(anonymous_1)
DA:2,0
DA:4,0
DA:5,0
DA:6,0
DA:7,0
DA:12,0
DA:25,0
DA:26,0
DA:27,0
DA:30,0
DA:33,0
DA:34,0
LF:12
LH:0
BRDA:6,0,0,0
BRDA:6,0,1,0
BRDA:26,1,0,0
BRDA:26,1,1,0
BRDA:27,2,0,0
BRDA:27,2,1,0
BRDA:34,3,0,0
BRDA:34,3,1,0
BRF:8
BRH:0
end_of_record
TN:
SF:/Users/lgy/Documents/Own/gyblog-wxapp/config.dev.js
FNF:0
FNH:0
DA:1,0
LF:1
LH:0
BRF:0
BRH:0
end_of_record
TN:
SF:/Users/lgy/Documents/Own/gyblog-wxapp/config.pro.js
FNF:0
FNH:0
LF:0
LH:0
BRF:0
BRH:0
end_of_record
TN:
SF:/Users/lgy/Documents/Own/gyblog-wxapp/apis/auth.js
FN:3,(anonymous_0)
FNF:1
FNH:0
FNDA:0,(anonymous_0)
DA:1,0
DA:3,0
DA:14,0
LF:3
LH:0
BRF:0
BRH:0
end_of_record
TN:
SF:/Users/lgy/Documents/Own/gyblog-wxapp/apis/post.js
FN:3,(anonymous_0)
FN:27,(anonymous_1)
FN:34,(anonymous_2)
FN:37,(anonymous_3)
FNF:4
FNH:0
FNDA:0,(anonymous_0)
FNDA:0,(anonymous_1)
FNDA:0,(anonymous_2)
FNDA:0,(anonymous_3)
DA:1,0
DA:3,0
DA:17,0
DA:27,0
DA:28,0
DA:35,0
DA:38,0
LF:7
LH:0
BRDA:35,0,0,0
BRDA:35,0,1,0
BRDA:38,1,0,0
BRDA:38,1,1,0
BRF:4
BRH:0
end_of_record
TN:
SF:/Users/lgy/Documents/Own/gyblog-wxapp/pages/auth/signIn/signIn.js
FN:22,(anonymous_0)
FN:32,(anonymous_1)
FNF:2
FNH:0
FNDA:0,(anonymous_0)
FNDA:0,(anonymous_1)
DA:1,0
DA:3,0
DA:11,0
DA:12,0
DA:13,0
DA:15,0
DA:16,0
DA:17,0
DA:19,0
DA:23,0
DA:24,0
DA:25,0
DA:26,0
DA:30,0
DA:33,0
DA:37,0
DA:42,0
LF:17
LH:0
BRDA:11,0,0,0
BRDA:11,0,1,0
BRDA:15,1,0,0
BRDA:15,1,1,0
BRDA:23,2,0,0
BRDA:23,2,1,0
BRF:6
BRH:0
end_of_record
TN:
SF:/Users/lgy/Documents/Own/gyblog-wxapp/pages/auth/signUp/signUp.js
FN:4,(anonymous_0)
FNF:1
FNH:0
FNDA:0,(anonymous_0)
DA:1,0
DA:5,0
LF:2
LH:0
BRF:0
BRH:0
end_of_record
TN:
SF:/Users/lgy/Documents/Own/gyblog-wxapp/pages/edit/edit.js
FNF:0
FNH:0
DA:1,0
DA:2,0
LF:2
LH:0
BRF:0
BRH:0
end_of_record
TN:
SF:/Users/lgy/Documents/Own/gyblog-wxapp/pages/index/index.js
FN:27,(anonymous_0)
FN:33,(anonymous_1)
FN:34,(anonymous_2)
FNF:3
FNH:0
FNDA:0,(anonymous_0)
FNDA:0,(anonymous_1)
FNDA:0,(anonymous_2)
DA:1,0
DA:2,0
DA:4,0
DA:5,0
DA:16,0
DA:21,0
DA:27,0
DA:29,0
DA:33,0
DA:34,0
DA:35,0
DA:36,0
DA:38,0
DA:44,0
LF:14
LH:0
BRF:0
BRH:0
end_of_record
TN:
SF:/Users/lgy/Documents/Own/gyblog-wxapp/pages/person/person.js
FNF:0
FNH:0
DA:1,0
DA:2,0
LF:2
LH:0
BRF:0
BRH:0
end_of_record
TN:
SF:/Users/lgy/Documents/Own/gyblog-wxapp/pages/post/post.js
FN:14,(anonymous_0)
FNF:1
FNH:0
FNDA:0,(anonymous_0)
DA:1,0
DA:2,0
DA:3,0
DA:9,0
DA:12,0
DA:15,0
LF:6
LH:0
BRF:0
BRH:0
end_of_record
TN:
SF:/Users/lgy/Documents/Own/gyblog-wxapp/pages/star/star.js
FNF:0
FNH:0
DA:1,0
DA:2,0
LF:2
LH:0
BRF:0
BRH:0
end_of_record
TN:
SF:/Users/lgy/Documents/Own/gyblog-wxapp/plugins/wemark/remarkable.js
FN:2,(anonymous_0)
FN:2,(anonymous_1)
FN:2,t
FN:2,s
FN:2,(anonymous_4)
FN:2,(anonymous_5)
FN:2,(anonymous_6)
FN:2,(anonymous_7)
FN:2,(anonymous_8)
FN:2,n
FN:2,r
FN:2,(anonymous_11)
FN:2,(anonymous_12)
FN:2,n
FN:2,s
FN:2,o
FN:2,i
FN:2,(anonymous_17)
FN:2,(anonymous_18)
FN:2,l
FN:2,a
FN:2,c
FN:2,u
FN:2,p
FN:2,h
FN:2,f
FN:2,(anonymous_26)
FN:2,(anonymous_27)
FN:2,(anonymous_28)
FN:2,(anonymous_29)
FN:2,(anonymous_30)
FN:2,(anonymous_31)
FN:2,(anonymous_32)
FN:2,(anonymous_33)
FN:2,(anonymous_34)
FN:2,(anonymous_35)
FN:3,(anonymous_36)
FN:3,(anonymous_37)
FN:3,(anonymous_38)
FN:3,(anonymous_39)
FN:3,n
FN:3,s
FN:3,(anonymous_42)
FN:3,(anonymous_43)
FN:3,(anonymous_44)
FN:3,(anonymous_45)
FN:3,(anonymous_46)
FN:3,(anonymous_47)
FN:3,(anonymous_48)
FN:3,(anonymous_49)
FN:3,(anonymous_50)
FN:3,n
FN:3,(anonymous_52)
FN:3,(anonymous_53)
FN:3,(anonymous_54)
FN:3,(anonymous_55)
FN:3,n
FN:3,(anonymous_57)
FN:3,(anonymous_58)
FN:3,n
FN:3,s
FN:3,(anonymous_61)
FN:3,(anonymous_62)
FN:3,(anonymous_63)
FN:3,(anonymous_64)
FN:3,n
FN:3,(anonymous_66)
FN:3,(anonymous_67)
FN:3,(anonymous_68)
FN:3,n
FN:3,(anonymous_70)
FN:3,(anonymous_71)
FN:3,(anonymous_72)
FN:3,(anonymous_73)
FN:3,(anonymous_74)
FN:3,(anonymous_75)
FN:3,(anonymous_76)
FN:3,(anonymous_77)
FN:3,(anonymous_78)
FN:3,(anonymous_79)
FN:3,(anonymous_80)
FN:3,(anonymous_81)
FN:3,(anonymous_82)
FN:3,(anonymous_83)
FN:3,(anonymous_84)
FN:3,(anonymous_85)
FN:3,(anonymous_86)
FN:3,n
FN:3,(anonymous_88)
FN:3,(anonymous_89)
FN:3,(anonymous_90)
FN:3,(anonymous_91)
FN:3,(anonymous_92)
FN:3,(anonymous_93)
FN:3,(anonymous_94)
FN:3,(anonymous_95)
FN:3,(anonymous_96)
FN:3,(anonymous_97)
FN:3,(anonymous_98)
FN:3,(anonymous_99)
FN:3,(anonymous_100)
FN:3,(anonymous_101)
FN:3,(anonymous_102)
FN:3,(anonymous_103)
FN:3,(anonymous_104)
FN:3,(anonymous_105)
FN:3,(anonymous_106)
FN:3,(anonymous_107)
FN:3,(anonymous_108)
FN:3,(anonymous_109)
FN:3,(anonymous_110)
FN:3,(anonymous_111)
FN:3,(anonymous_112)
FN:3,(anonymous_113)
FN:3,(anonymous_114)
FN:3,(anonymous_115)
FN:3,(anonymous_116)
FN:3,(anonymous_117)
FN:3,(anonymous_118)
FN:3,(anonymous_119)
FN:3,(anonymous_120)
FN:3,(anonymous_121)
FN:3,(anonymous_122)
FN:3,(anonymous_123)
FN:3,(anonymous_124)
FN:3,(anonymous_125)
FN:3,(anonymous_126)
FN:3,(anonymous_127)
FN:3,(anonymous_128)
FN:3,(anonymous_129)
FN:3,(anonymous_130)
FN:3,(anonymous_131)
FN:3,(anonymous_132)
FN:3,(anonymous_133)
FN:3,(anonymous_134)
FN:3,(anonymous_135)
FN:3,(anonymous_136)
FN:3,(anonymous_137)
FN:3,(anonymous_138)
FN:3,(anonymous_139)
FN:3,(anonymous_140)
FN:3,(anonymous_141)
FN:3,(anonymous_142)
FN:3,(anonymous_143)
FN:3,(anonymous_144)
FN:3,(anonymous_145)
FN:3,(anonymous_146)
FN:3,(anonymous_147)
FN:3,(anonymous_148)
FN:3,(anonymous_149)
FN:3,(anonymous_150)
FN:3,(anonymous_151)
FN:3,(anonymous_152)
FN:3,(anonymous_153)
FN:3,(anonymous_154)
FN:3,n
FN:3,s
FN:3,(anonymous_157)
FN:3,(anonymous_158)
FN:3,(anonymous_159)
FN:3,(anonymous_160)
FN:3,(anonymous_161)
FN:3,(anonymous_162)
FN:3,(anonymous_163)
FN:3,(anonymous_164)
FN:3,(anonymous_165)
FN:3,(anonymous_166)
FN:3,n
FN:3,(anonymous_168)
FN:3,(anonymous_169)
FN:3,(anonymous_170)
FN:3,(anonymous_171)
FN:3,n
FN:3,s
FN:3,o
FN:3,(anonymous_175)
FN:3,(anonymous_176)
FN:3,(anonymous_177)
FN:3,(anonymous_178)
FN:3,n
FN:3,(anonymous_180)
FN:3,(anonymous_181)
FN:3,(anonymous_182)
FN:3,(anonymous_183)
FN:3,(anonymous_184)
FN:3,(anonymous_185)
FN:3,(anonymous_186)
FN:3,n
FN:3,(anonymous_188)
FN:3,(anonymous_189)
FN:3,n
FN:3,(anonymous_191)
FN:3,(anonymous_192)
FN:3,n
FN:3,(anonymous_194)
FN:3,(anonymous_195)
FN:3,(anonymous_196)
FN:3,(anonymous_197)
FN:3,(anonymous_198)
FN:3,(anonymous_199)
FN:3,(anonymous_200)
FN:3,(anonymous_201)
FN:3,(anonymous_202)
FN:3,(anonymous_203)
FN:3,(anonymous_204)
FN:3,n
FN:3,s
FN:3,o
FN:3,(anonymous_208)
FN:3,(anonymous_209)
FN:4,(anonymous_210)
FN:4,n
FN:4,(anonymous_212)
FN:4,(anonymous_213)
FN:4,n
FN:4,(anonymous_215)
FN:4,(anonymous_216)
FN:4,(anonymous_217)
FN:4,n
FN:4,s
FN:4,(anonymous_220)
FN:4,(anonymous_221)
FN:4,(anonymous_222)
FN:4,(anonymous_223)
FN:4,(anonymous_224)
FN:4,(anonymous_225)
FN:4,(anonymous_226)
FN:4,(anonymous_227)
FN:4,n
FN:4,s
FN:4,(anonymous_230)
FN:4,(anonymous_231)
FN:4,(anonymous_232)
FN:4,(anonymous_233)
FN:4,(anonymous_234)
FN:4,(anonymous_235)
FN:4,(anonymous_236)
FN:4,(anonymous_237)
FN:4,(anonymous_238)
FN:4,(anonymous_239)
FN:4,(anonymous_240)
FN:4,n
FN:4,(anonymous_242)
FN:4,(anonymous_243)
FN:4,(anonymous_244)
FN:4,(anonymous_245)
FN:4,(anonymous_246)
FN:4,(anonymous_247)
FN:4,(anonymous_248)
FN:4,(anonymous_249)
FN:4,(anonymous_250)
FN:4,(anonymous_251)
FN:4,n
FN:4,(anonymous_253)
FN:4,(anonymous_254)
FN:4,(anonymous_255)
FN:4,(anonymous_256)
FN:4,(anonymous_257)
FN:4,(anonymous_258)
FN:4,(anonymous_259)
FN:4,(anonymous_260)
FN:4,(anonymous_261)
FN:4,n
FN:4,(anonymous_263)
FN:4,(anonymous_264)
FN:4,(anonymous_265)
FN:4,(anonymous_266)
FN:4,(anonymous_267)
FN:4,(anonymous_268)
FN:4,(anonymous_269)
FN:4,(anonymous_270)
FN:4,(anonymous_271)
FN:4,(anonymous_272)
FN:4,(anonymous_273)
FN:4,(anonymous_274)
FN:4,(anonymous_275)
FN:4,(anonymous_276)
FN:4,(anonymous_277)
FN:4,(anonymous_278)
FN:4,(anonymous_279)
FN:4,(anonymous_280)
FN:4,(anonymous_281)
FN:4,(anonymous_282)
FN:4,(anonymous_283)
FN:4,(anonymous_284)
FN:4,(anonymous_285)
FN:4,(anonymous_286)
FN:4,(anonymous_287)
FN:4,(anonymous_288)
FN:4,(anonymous_289)
FN:4,(anonymous_290)
FN:4,(anonymous_291)
FN:4,(anonymous_292)
FN:4,(anonymous_293)
FN:4,(anonymous_294)
FN:4,(anonymous_295)
FN:4,(anonymous_296)
FN:4,(anonymous_297)
FN:4,(anonymous_298)
FN:4,(anonymous_299)
FN:4,(anonymous_300)
FN:4,(anonymous_301)
FN:4,(anonymous_302)
FN:4,(anonymous_303)
FN:4,(anonymous_304)
FN:4,(anonymous_305)
FN:4,(anonymous_306)
FN:4,(anonymous_307)
FN:4,(anonymous_308)
FN:4,(anonymous_309)
FN:4,(anonymous_310)
FN:4,(anonymous_311)
FN:4,(anonymous_312)
FN:4,(anonymous_313)
FN:4,(anonymous_314)
FN:4,(anonymous_315)
FN:4,(anonymous_316)
FN:4,(anonymous_317)
FN:4,(anonymous_318)
FN:4,(anonymous_319)
FN:4,(anonymous_320)
FN:4,(anonymous_321)
FN:4,(anonymous_322)
FN:4,(anonymous_323)
FN:4,(anonymous_324)
FN:4,(anonymous_325)
FN:4,(anonymous_326)
FN:4,(anonymous_327)
FN:4,(anonymous_328)
FN:4,(anonymous_329)
FN:4,(anonymous_330)
FN:4,(anonymous_331)
FN:4,(anonymous_332)
FN:4,(anonymous_333)
FN:4,(anonymous_334)
FN:4,(anonymous_335)
FN:4,(anonymous_336)
FN:4,(anonymous_337)
FN:4,(anonymous_338)
FN:4,(anonymous_339)
FN:4,(anonymous_340)
FN:4,(anonymous_341)
FN:4,(anonymous_342)
FN:4,(anonymous_343)
FN:4,(anonymous_344)
FN:4,(anonymous_345)
FN:4,(anonymous_346)
FN:4,(anonymous_347)
FNF:348
FNH:0
FNDA:0,(anonymous_0)
FNDA:0,(anonymous_1)
FNDA:0,t
FNDA:0,s
FNDA:0,(anonymous_4)
FNDA:0,(anonymous_5)
FNDA:0,(anonymous_6)
FNDA:0,(anonymous_7)
FNDA:0,(anonymous_8)
FNDA:0,n
FNDA:0,r
FNDA:0,(anonymous_11)
FNDA:0,(anonymous_12)
FNDA:0,n
FNDA:0,s
FNDA:0,o
FNDA:0,i
FNDA:0,(anonymous_17)
FNDA:0,(anonymous_18)
FNDA:0,l
FNDA:0,a
FNDA:0,c
FNDA:0,u
FNDA:0,p
FNDA:0,h
FNDA:0,f
FNDA:0,(anonymous_26)
FNDA:0,(anonymous_27)
FNDA:0,(anonymous_28)
FNDA:0,(anonymous_29)
FNDA:0,(anonymous_30)
FNDA:0,(anonymous_31)
FNDA:0,(anonymous_32)
FNDA:0,(anonymous_33)
FNDA:0,(anonymous_34)
FNDA:0,(anonymous_35)
FNDA:0,(anonymous_36)
FNDA:0,(anonymous_37)
FNDA:0,(anonymous_38)
FNDA:0,(anonymous_39)
FNDA:0,n
FNDA:0,s
FNDA:0,(anonymous_42)
FNDA:0,(anonymous_43)
FNDA:0,(anonymous_44)
FNDA:0,(anonymous_45)
FNDA:0,(anonymous_46)
FNDA:0,(anonymous_47)
FNDA:0,(anonymous_48)
FNDA:0,(anonymous_49)
FNDA:0,(anonymous_50)
FNDA:0,n
FNDA:0,(anonymous_52)
FNDA:0,(anonymous_53)
FNDA:0,(anonymous_54)
FNDA:0,(anonymous_55)
FNDA:0,n
FNDA:0,(anonymous_57)
FNDA:0,(anonymous_58)
FNDA:0,n
FNDA:0,s
FNDA:0,(anonymous_61)
FNDA:0,(anonymous_62)
FNDA:0,(anonymous_63)
FNDA:0,(anonymous_64)
FNDA:0,n
FNDA:0,(anonymous_66)
FNDA:0,(anonymous_67)
FNDA:0,(anonymous_68)
FNDA:0,n
FNDA:0,(anonymous_70)
FNDA:0,(anonymous_71)
FNDA:0,(anonymous_72)
FNDA:0,(anonymous_73)
FNDA:0,(anonymous_74)
FNDA:0,(anonymous_75)
FNDA:0,(anonymous_76)
FNDA:0,(anonymous_77)
FNDA:0,(anonymous_78)
FNDA:0,(anonymous_79)
FNDA:0,(anonymous_80)
FNDA:0,(anonymous_81)
FNDA:0,(anonymous_82)
FNDA:0,(anonymous_83)
FNDA:0,(anonymous_84)
FNDA:0,(anonymous_85)
FNDA:0,(anonymous_86)
FNDA:0,n
FNDA:0,(anonymous_88)
FNDA:0,(anonymous_89)
FNDA:0,(anonymous_90)
FNDA:0,(anonymous_91)
FNDA:0,(anonymous_92)
FNDA:0,(anonymous_93)
FNDA:0,(anonymous_94)
FNDA:0,(anonymous_95)
FNDA:0,(anonymous_96)
FNDA:0,(anonymous_97)
FNDA:0,(anonymous_98)
FNDA:0,(anonymous_99)
FNDA:0,(anonymous_100)
FNDA:0,(anonymous_101)
FNDA:0,(anonymous_102)
FNDA:0,(anonymous_103)
FNDA:0,(anonymous_104)
FNDA:0,(anonymous_105)
FNDA:0,(anonymous_106)
FNDA:0,(anonymous_107)
FNDA:0,(anonymous_108)
FNDA:0,(anonymous_109)
FNDA:0,(anonymous_110)
FNDA:0,(anonymous_111)
FNDA:0,(anonymous_112)
FNDA:0,(anonymous_113)
FNDA:0,(anonymous_114)
FNDA:0,(anonymous_115)
FNDA:0,(anonymous_116)
FNDA:0,(anonymous_117)
FNDA:0,(anonymous_118)
FNDA:0,(anonymous_119)
FNDA:0,(anonymous_120)
FNDA:0,(anonymous_121)
FNDA:0,(anonymous_122)
FNDA:0,(anonymous_123)
FNDA:0,(anonymous_124)
FNDA:0,(anonymous_125)
FNDA:0,(anonymous_126)
FNDA:0,(anonymous_127)
FNDA:0,(anonymous_128)
FNDA:0,(anonymous_129)
FNDA:0,(anonymous_130)
FNDA:0,(anonymous_131)
FNDA:0,(anonymous_132)
FNDA:0,(anonymous_133)
FNDA:0,(anonymous_134)
FNDA:0,(anonymous_135)
FNDA:0,(anonymous_136)
FNDA:0,(anonymous_137)
FNDA:0,(anonymous_138)
FNDA:0,(anonymous_139)
FNDA:0,(anonymous_140)
FNDA:0,(anonymous_141)
FNDA:0,(anonymous_142)
FNDA:0,(anonymous_143)
FNDA:0,(anonymous_144)
FNDA:0,(anonymous_145)
FNDA:0,(anonymous_146)
FNDA:0,(anonymous_147)
FNDA:0,(anonymous_148)
FNDA:0,(anonymous_149)
FNDA:0,(anonymous_150)
FNDA:0,(anonymous_151)
FNDA:0,(anonymous_152)
FNDA:0,(anonymous_153)
FNDA:0,(anonymous_154)
FNDA:0,n
FNDA:0,s
FNDA:0,(anonymous_157)
FNDA:0,(anonymous_158)
FNDA:0,(anonymous_159)
FNDA:0,(anonymous_160)
FNDA:0,(anonymous_161)
FNDA:0,(anonymous_162)
FNDA:0,(anonymous_163)
FNDA:0,(anonymous_164)
FNDA:0,(anonymous_165)
FNDA:0,(anonymous_166)
FNDA:0,n
FNDA:0,(anonymous_168)
FNDA:0,(anonymous_169)
FNDA:0,(anonymous_170)
FNDA:0,(anonymous_171)
FNDA:0,n
FNDA:0,s
FNDA:0,o
FNDA:0,(anonymous_175)
FNDA:0,(anonymous_176)
FNDA:0,(anonymous_177)
FNDA:0,(anonymous_178)
FNDA:0,n
FNDA:0,(anonymous_180)
FNDA:0,(anonymous_181)
FNDA:0,(anonymous_182)
FNDA:0,(anonymous_183)
FNDA:0,(anonymous_184)
FNDA:0,(anonymous_185)
FNDA:0,(anonymous_186)
FNDA:0,n
FNDA:0,(anonymous_188)
FNDA:0,(anonymous_189)
FNDA:0,n
FNDA:0,(anonymous_191)
FNDA:0,(anonymous_192)
FNDA:0,n
FNDA:0,(anonymous_194)
FNDA:0,(anonymous_195)
FNDA:0,(anonymous_196)
FNDA:0,(anonymous_197)
FNDA:0,(anonymous_198)
FNDA:0,(anonymous_199)
FNDA:0,(anonymous_200)
FNDA:0,(anonymous_201)
FNDA:0,(anonymous_202)
FNDA:0,(anonymous_203)
FNDA:0,(anonymous_204)
FNDA:0,n
FNDA:0,s
FNDA:0,o
FNDA:0,(anonymous_208)
FNDA:0,(anonymous_209)
FNDA:0,(anonymous_210)
FNDA:0,n
FNDA:0,(anonymous_212)
FNDA:0,(anonymous_213)
FNDA:0,n
FNDA:0,(anonymous_215)
FNDA:0,(anonymous_216)
FNDA:0,(anonymous_217)
FNDA:0,n
FNDA:0,s
FNDA:0,(anonymous_220)
FNDA:0,(anonymous_221)
FNDA:0,(anonymous_222)
FNDA:0,(anonymous_223)
FNDA:0,(anonymous_224)
FNDA:0,(anonymous_225)
FNDA:0,(anonymous_226)
FNDA:0,(anonymous_227)
FNDA:0,n
FNDA:0,s
FNDA:0,(anonymous_230)
FNDA:0,(anonymous_231)
FNDA:0,(anonymous_232)
FNDA:0,(anonymous_233)
FNDA:0,(anonymous_234)
FNDA:0,(anonymous_235)
FNDA:0,(anonymous_236)
FNDA:0,(anonymous_237)
FNDA:0,(anonymous_238)
FNDA:0,(anonymous_239)
FNDA:0,(anonymous_240)
FNDA:0,n
FNDA:0,(anonymous_242)
FNDA:0,(anonymous_243)
FNDA:0,(anonymous_244)
FNDA:0,(anonymous_245)
FNDA:0,(anonymous_246)
FNDA:0,(anonymous_247)
FNDA:0,(anonymous_248)
FNDA:0,(anonymous_249)
FNDA:0,(anonymous_250)
FNDA:0,(anonymous_251)
FNDA:0,n
FNDA:0,(anonymous_253)
FNDA:0,(anonymous_254)
FNDA:0,(anonymous_255)
FNDA:0,(anonymous_256)
FNDA:0,(anonymous_257)
FNDA:0,(anonymous_258)
FNDA:0,(anonymous_259)
FNDA:0,(anonymous_260)
FNDA:0,(anonymous_261)
FNDA:0,n
FNDA:0,(anonymous_263)
FNDA:0,(anonymous_264)
FNDA:0,(anonymous_265)
FNDA:0,(anonymous_266)
FNDA:0,(anonymous_267)
FNDA:0,(anonymous_268)
FNDA:0,(anonymous_269)
FNDA:0,(anonymous_270)
FNDA:0,(anonymous_271)
FNDA:0,(anonymous_272)
FNDA:0,(anonymous_273)
FNDA:0,(anonymous_274)
FNDA:0,(anonymous_275)
FNDA:0,(anonymous_276)
FNDA:0,(anonymous_277)
FNDA:0,(anonymous_278)
FNDA:0,(anonymous_279)
FNDA:0,(anonymous_280)
FNDA:0,(anonymous_281)
FNDA:0,(anonymous_282)
FNDA:0,(anonymous_283)
FNDA:0,(anonymous_284)
FNDA:0,(anonymous_285)
FNDA:0,(anonymous_286)
FNDA:0,(anonymous_287)
FNDA:0,(anonymous_288)
FNDA:0,(anonymous_289)
FNDA:0,(anonymous_290)
FNDA:0,(anonymous_291)
FNDA:0,(anonymous_292)
FNDA:0,(anonymous_293)
FNDA:0,(anonymous_294)
FNDA:0,(anonymous_295)
FNDA:0,(anonymous_296)
FNDA:0,(anonymous_297)
FNDA:0,(anonymous_298)
FNDA:0,(anonymous_299)
FNDA:0,(anonymous_300)
FNDA:0,(anonymous_301)
FNDA:0,(anonymous_302)
FNDA:0,(anonymous_303)
FNDA:0,(anonymous_304)
FNDA:0,(anonymous_305)
FNDA:0,(anonymous_306)
FNDA:0,(anonymous_307)
FNDA:0,(anonymous_308)
FNDA:0,(anonymous_309)
FNDA:0,(anonymous_310)
FNDA:0,(anonymous_311)
FNDA:0,(anonymous_312)
FNDA:0,(anonymous_313)
FNDA:0,(anonymous_314)
FNDA:0,(anonymous_315)
FNDA:0,(anonymous_316)
FNDA:0,(anonymous_317)
FNDA:0,(anonymous_318)
FNDA:0,(anonymous_319)
FNDA:0,(anonymous_320)
FNDA:0,(anonymous_321)
FNDA:0,(anonymous_322)
FNDA:0,(anonymous_323)
FNDA:0,(anonymous_324)
FNDA:0,(anonymous_325)
FNDA:0,(anonymous_326)
FNDA:0,(anonymous_327)
FNDA:0,(anonymous_328)
FNDA:0,(anonymous_329)
FNDA:0,(anonymous_330)
FNDA:0,(anonymous_331)
FNDA:0,(anonymous_332)
FNDA:0,(anonymous_333)
FNDA:0,(anonymous_334)
FNDA:0,(anonymous_335)
FNDA:0,(anonymous_336)
FNDA:0,(anonymous_337)
FNDA:0,(anonymous_338)
FNDA:0,(anonymous_339)
FNDA:0,(anonymous_340)
FNDA:0,(anonymous_341)
FNDA:0,(anonymous_342)
FNDA:0,(anonymous_343)
FNDA:0,(anonymous_344)
FNDA:0,(anonymous_345)
FNDA:0,(anonymous_346)
FNDA:0,(anonymous_347)
DA:2,0
DA:3,0
DA:4,0
LF:3
LH:0
BRDA:2,0,0,0
BRDA:2,0,1,0
BRDA:2,1,0,0
BRDA:2,1,1,0
BRDA:2,2,0,0
BRDA:2,2,1,0
BRDA:2,3,0,0
BRDA:2,3,1,0
BRDA:2,4,0,0
BRDA:2,4,1,0
BRDA:2,5,0,0
BRDA:2,5,1,0
BRDA:2,6,0,0
BRDA:2,6,1,0
BRDA:2,7,0,0
BRDA:2,7,1,0
BRDA:2,8,0,0
BRDA:2,8,1,0
BRDA:2,9,0,0
BRDA:2,9,1,0
BRDA:2,10,0,0
BRDA:2,10,1,0
BRDA:2,11,0,0
BRDA:2,11,1,0
BRDA:2,12,0,0
BRDA:2,12,1,0
BRDA:2,13,0,0
BRDA:2,13,1,0
BRDA:2,14,0,0
BRDA:2,14,1,0
BRDA:2,15,0,0
BRDA:2,15,1,0
BRDA:2,16,0,0
BRDA:2,16,1,0
BRDA:2,17,0,0
BRDA:2,17,1,0
BRDA:2,18,0,0
BRDA:2,18,1,0
BRDA:2,19,0,0
BRDA:2,19,1,0
BRDA:2,20,0,0
BRDA:2,20,1,0
BRDA:2,21,0,0
BRDA:2,21,1,0
BRDA:2,22,0,0
BRDA:2,22,1,0
BRDA:2,23,0,0
BRDA:2,23,1,0
BRDA:2,24,0,0
BRDA:2,24,1,0
BRDA:2,25,0,0
BRDA:2,25,1,0
BRDA:2,26,0,0
BRDA:2,26,1,0
BRDA:2,27,0,0
BRDA:2,27,1,0
BRDA:2,28,0,0
BRDA:2,28,1,0
BRDA:2,29,0,0
BRDA:2,29,1,0
BRDA:2,30,0,0
BRDA:2,30,1,0
BRDA:2,31,0,0
BRDA:2,31,1,0
BRDA:2,32,0,0
BRDA:2,32,1,0
BRDA:2,33,0,0
BRDA:2,33,1,0
BRDA:2,34,0,0
BRDA:2,34,1,0
BRDA:2,35,0,0
BRDA:2,35,1,0
BRDA:2,36,0,0
BRDA:2,36,1,0
BRDA:2,37,0,0
BRDA:2,37,1,0
BRDA:2,38,0,0
BRDA:2,38,1,0
BRDA:2,38,2,0
BRDA:2,39,0,0
BRDA:2,39,1,0
BRDA:2,40,0,0
BRDA:2,40,1,0
BRDA:2,41,0,0
BRDA:2,41,1,0
BRDA:2,42,0,0
BRDA:2,42,1,0
BRDA:2,43,0,0
BRDA:2,43,1,0
BRDA:2,44,0,0
BRDA:2,44,1,0
BRDA:2,45,0,0
BRDA:2,45,1,0
BRDA:2,46,0,0
BRDA:2,46,1,0
BRDA:2,47,0,0
BRDA:2,47,1,0
BRDA:2,48,0,0
BRDA:2,48,1,0
BRDA:2,48,2,0
BRDA:2,49,0,0
BRDA:2,49,1,0
BRDA:2,50,0,0
BRDA:2,50,1,0
BRDA:2,51,0,0
BRDA:2,51,1,0
BRDA:2,52,0,0
BRDA:2,52,1,0
BRDA:2,53,0,0
BRDA:2,53,1,0
BRDA:2,54,0,0
BRDA:2,54,1,0
BRDA:2,55,0,0
BRDA:2,55,1,0
BRDA:2,56,0,0
BRDA:2,56,1,0
BRDA:2,57,0,0
BRDA:2,57,1,0
BRDA:3,58,0,0
BRDA:3,58,1,0
BRDA:3,59,0,0
BRDA:3,59,1,0
BRDA:3,60,0,0
BRDA:3,60,1,0
BRDA:3,61,0,0
BRDA:3,61,1,0
BRDA:3,62,0,0
BRDA:3,62,1,0
BRDA:3,63,0,0
BRDA:3,63,1,0
BRDA:3,64,0,0
BRDA:3,64,1,0
BRDA:3,65,0,0
BRDA:3,65,1,0
BRDA:3,65,2,0
BRDA:3,66,0,0
BRDA:3,66,1,0
BRDA:3,67,0,0
BRDA:3,67,1,0
BRDA:3,68,0,0
BRDA:3,68,1,0
BRDA:3,69,0,0
BRDA:3,69,1,0
BRDA:3,70,0,0
BRDA:3,70,1,0
BRDA:3,71,0,0
BRDA:3,71,1,0
BRDA:3,72,0,0
BRDA:3,72,1,0
BRDA:3,73,0,0
BRDA:3,73,1,0
BRDA:3,74,0,0
BRDA:3,74,1,0
BRDA:3,75,0,0
BRDA:3,75,1,0
BRDA:3,76,0,0
BRDA:3,76,1,0
BRDA:3,77,0,0
BRDA:3,77,1,0
BRDA:3,78,0,0
BRDA:3,78,1,0
BRDA:3,79,0,0
BRDA:3,79,1,0
BRDA:3,79,2,0
BRDA:3,80,0,0
BRDA:3,80,1,0
BRDA:3,81,0,0
BRDA:3,81,1,0
BRDA:3,82,0,0
BRDA:3,82,1,0
BRDA:3,83,0,0
BRDA:3,83,1,0
BRDA:3,84,0,0
BRDA:3,84,1,0
BRDA:3,85,0,0
BRDA:3,85,1,0
BRDA:3,85,2,0
BRDA:3,86,0,0
BRDA:3,86,1,0
BRDA:3,87,0,0
BRDA:3,87,1,0
BRDA:3,88,0,0
BRDA:3,88,1,0
BRDA:3,89,0,0
BRDA:3,89,1,0
BRDA:3,90,0,0
BRDA:3,90,1,0
BRDA:3,91,0,0
BRDA:3,91,1,0
BRDA:3,92,0,0
BRDA:3,92,1,0
BRDA:3,93,0,0
BRDA:3,93,1,0
BRDA:3,94,0,0
BRDA:3,94,1,0
BRDA:3,95,0,0
BRDA:3,95,1,0
BRDA:3,96,0,0
BRDA:3,96,1,0
BRDA:3,97,0,0
BRDA:3,97,1,0
BRDA:3,98,0,0
BRDA:3,98,1,0
BRDA:3,99,0,0
BRDA:3,99,1,0
BRDA:3,100,0,0
BRDA:3,100,1,0
BRDA:3,101,0,0
BRDA:3,101,1,0
BRDA:3,101,2,0
BRDA:3,101,3,0
BRDA:3,102,0,0
BRDA:3,102,1,0
BRDA:3,103,0,0
BRDA:3,103,1,0
BRDA:3,104,0,0
BRDA:3,104,1,0
BRDA:3,105,0,0
BRDA:3,105,1,0
BRDA:3,106,0,0
BRDA:3,106,1,0
BRDA:3,107,0,0
BRDA:3,107,1,0
BRDA:3,108,0,0
BRDA:3,108,1,0
BRDA:3,109,0,0
BRDA:3,109,1,0
BRDA:3,110,0,0
BRDA:3,110,1,0
BRDA:3,111,0,0
BRDA:3,111,1,0
BRDA:3,112,0,0
BRDA:3,112,1,0
BRDA:3,113,0,0
BRDA:3,113,1,0
BRDA:3,114,0,0
BRDA:3,114,1,0
BRDA:3,115,0,0
BRDA:3,115,1,0
BRDA:3,116,0,0
BRDA:3,116,1,0
BRDA:3,117,0,0
BRDA:3,117,1,0
BRDA:3,118,0,0
BRDA:3,118,1,0
BRDA:3,119,0,0
BRDA:3,119,1,0
BRDA:3,120,0,0
BRDA:3,120,1,0
BRDA:3,121,0,0
BRDA:3,121,1,0
BRDA:3,121,2,0
BRDA:3,121,3,0
BRDA:3,121,4,0
BRDA:3,121,5,0
BRDA:3,122,0,0
BRDA:3,122,1,0
BRDA:3,123,0,0
BRDA:3,123,1,0
BRDA:3,124,0,0
BRDA:3,124,1,0
BRDA:3,125,0,0
BRDA:3,125,1,0
BRDA:3,126,0,0
BRDA:3,126,1,0
BRDA:3,127,0,0
BRDA:3,127,1,0
BRDA:3,128,0,0
BRDA:3,128,1,0
BRDA:3,129,0,0
BRDA:3,129,1,0
BRDA:3,130,0,0
BRDA:3,130,1,0
BRDA:3,130,2,0
BRDA:3,130,3,0
BRDA:3,131,0,0
BRDA:3,131,1,0
BRDA:3,132,0,0
BRDA:3,132,1,0
BRDA:3,133,0,0
BRDA:3,133,1,0
BRDA:3,134,0,0
BRDA:3,134,1,0
BRDA:3,135,0,0
BRDA:3,135,1,0
BRDA:3,136,0,0
BRDA:3,136,1,0
BRDA:3,137,0,0
BRDA:3,137,1,0
BRDA:3,138,0,0
BRDA:3,138,1,0
BRDA:3,139,0,0
BRDA:3,139,1,0
BRDA:3,140,0,0
BRDA:3,140,1,0
BRDA:3,141,0,0
BRDA:3,141,1,0
BRDA:3,142,0,0
BRDA:3,142,1,0
BRDA:3,143,0,0
BRDA:3,143,1,0
BRDA:3,144,0,0
BRDA:3,144,1,0
BRDA:3,145,0,0
BRDA:3,145,1,0
BRDA:3,146,0,0
BRDA:3,146,1,0
BRDA:3,147,0,0
BRDA:3,147,1,0
BRDA:3,148,0,0
BRDA:3,148,1,0
BRDA:3,149,0,0
BRDA:3,149,1,0
BRDA:3,150,0,0
BRDA:3,150,1,0
BRDA:3,151,0,0
BRDA:3,151,1,0
BRDA:3,152,0,0
BRDA:3,152,1,0
BRDA:3,153,0,0
BRDA:3,153,1,0
BRDA:3,154,0,0
BRDA:3,154,1,0
BRDA:3,155,0,0
BRDA:3,155,1,0
BRDA:3,156,0,0
BRDA:3,156,1,0
BRDA:3,157,0,0
BRDA:3,157,1,0
BRDA:3,158,0,0
BRDA:3,158,1,0
BRDA:3,159,0,0
BRDA:3,159,1,0
BRDA:3,160,0,0
BRDA:3,160,1,0
BRDA:3,161,0,0
BRDA:3,161,1,0
BRDA:3,162,0,0
BRDA:3,162,1,0
BRDA:3,163,0,0
BRDA:3,163,1,0
BRDA:3,164,0,0
BRDA:3,164,1,0
BRDA:3,165,0,0
BRDA:3,165,1,0
BRDA:3,166,0,0
BRDA:3,166,1,0
BRDA:3,167,0,0
BRDA:3,167,1,0
BRDA:3,168,0,0
BRDA:3,168,1,0
BRDA:3,169,0,0
BRDA:3,169,1,0
BRDA:3,169,2,0
BRDA:3,170,0,0
BRDA:3,170,1,0
BRDA:3,171,0,0
BRDA:3,171,1,0
BRDA:3,172,0,0
BRDA:3,172,1,0
BRDA:3,173,0,0
BRDA:3,173,1,0
BRDA:3,174,0,0
BRDA:3,174,1,0
BRDA:3,175,0,0
BRDA:3,175,1,0
BRDA:3,176,0,0
BRDA:3,176,1,0
BRDA:3,177,0,0
BRDA:3,177,1,0
BRDA:3,178,0,0
BRDA:3,178,1,0
BRDA:3,178,2,0
BRDA:3,179,0,0
BRDA:3,179,1,0
BRDA:3,180,0,0
BRDA:3,180,1,0
BRDA:3,181,0,0
BRDA:3,181,1,0
BRDA:3,182,0,0
BRDA:3,182,1,0
BRDA:3,183,0,0
BRDA:3,183,1,0
BRDA:3,184,0,0
BRDA:3,184,1,0
BRDA:3,185,0,0
BRDA:3,185,1,0
BRDA:3,186,0,0
BRDA:3,186,1,0
BRDA:3,187,0,0
BRDA:3,187,1,0
BRDA:3,188,0,0
BRDA:3,188,1,0
BRDA:3,189,0,0
BRDA:3,189,1,0
BRDA:3,190,0,0
BRDA:3,190,1,0
BRDA:3,191,0,0
BRDA:3,191,1,0
BRDA:3,192,0,0
BRDA:3,192,1,0
BRDA:3,193,0,0
BRDA:3,193,1,0
BRDA:3,194,0,0
BRDA:3,194,1,0
BRDA:3,195,0,0
BRDA:3,195,1,0
BRDA:3,196,0,0
BRDA:3,196,1,0
BRDA:3,197,0,0
BRDA:3,197,1,0
BRDA:3,198,0,0
BRDA:3,198,1,0
BRDA:3,199,0,0
BRDA:3,199,1,0
BRDA:3,200,0,0
BRDA:3,200,1,0
BRDA:3,201,0,0
BRDA:3,201,1,0
BRDA:3,202,0,0
BRDA:3,202,1,0
BRDA:3,203,0,0
BRDA:3,203,1,0
BRDA:3,204,0,0
BRDA:3,204,1,0
BRDA:3,205,0,0
BRDA:3,205,1,0
BRDA:3,206,0,0
BRDA:3,206,1,0
BRDA:3,207,0,0
BRDA:3,207,1,0
BRDA:3,208,0,0
BRDA:3,208,1,0
BRDA:3,209,0,0
BRDA:3,209,1,0
BRDA:3,210,0,0
BRDA:3,210,1,0
BRDA:3,211,0,0
BRDA:3,211,1,0
BRDA:3,212,0,0
BRDA:3,212,1,0
BRDA:3,213,0,0
BRDA:3,213,1,0
BRDA:3,214,0,0
BRDA:3,214,1,0
BRDA:3,215,0,0
BRDA:3,215,1,0
BRDA:3,216,0,0
BRDA:3,216,1,0
BRDA:3,217,0,0
BRDA:3,217,1,0
BRDA:3,218,0,0
BRDA:3,218,1,0
BRDA:3,219,0,0
BRDA:3,219,1,0
BRDA:3,220,0,0
BRDA:3,220,1,0
BRDA:3,220,2,0
BRDA:3,221,0,0
BRDA:3,221,1,0
BRDA:3,222,0,0
BRDA:3,222,1,0
BRDA:3,222,2,0
BRDA:3,223,0,0
BRDA:3,223,1,0
BRDA:3,224,0,0
BRDA:3,224,1,0
BRDA:3,224,2,0
BRDA:3,225,0,0
BRDA:3,225,1,0
BRDA:3,226,0,0
BRDA:3,226,1,0
BRDA:3,227,0,0
BRDA:3,227,1,0
BRDA:3,228,0,0
BRDA:3,228,1,0
BRDA:3,228,2,0
BRDA:3,229,0,0
BRDA:3,229,1,0
BRDA:3,230,0,0
BRDA:3,230,1,0
BRDA:3,231,0,0
BRDA:3,231,1,0
BRDA:3,232,0,0
BRDA:3,232,1,0
BRDA:3,233,0,0
BRDA:3,233,1,0
BRDA:3,234,0,0
BRDA:3,234,1,0
BRDA:3,235,0,0
BRDA:3,235,1,0
BRDA:3,236,0,0
BRDA:3,236,1,0
BRDA:3,237,0,0
BRDA:3,237,1,0
BRDA:3,238,0,0
BRDA:3,238,1,0
BRDA:3,239,0,0
BRDA:3,239,1,0
BRDA:3,240,0,0
BRDA:3,240,1,0
BRDA:3,241,0,0
BRDA:3,241,1,0
BRDA:3,242,0,0
BRDA:3,242,1,0
BRDA:3,243,0,0
BRDA:3,243,1,0
BRDA:3,244,0,0
BRDA:3,244,1,0
BRDA:3,245,0,0
BRDA:3,245,1,0
BRDA:3,246,0,0
BRDA:3,246,1,0
BRDA:3,247,0,0
BRDA:3,247,1,0
BRDA:3,248,0,0
BRDA:3,248,1,0
BRDA:3,249,0,0
BRDA:3,249,1,0
BRDA:3,250,0,0
BRDA:3,250,1,0
BRDA:3,251,0,0
BRDA:3,251,1,0
BRDA:3,252,0,0
BRDA:3,252,1,0
BRDA:3,253,0,0
BRDA:3,253,1,0
BRDA:3,254,0,0
BRDA:3,254,1,0
BRDA:3,255,0,0
BRDA:3,255,1,0
BRDA:3,256,0,0
BRDA:3,256,1,0
BRDA:3,257,0,0
BRDA:3,257,1,0
BRDA:3,258,0,0
BRDA:3,258,1,0
BRDA:3,259,0,0
BRDA:3,259,1,0
BRDA:3,260,0,0
BRDA:3,260,1,0
BRDA:3,261,0,0
BRDA:3,261,1,0
BRDA:3,261,2,0
BRDA:3,262,0,0
BRDA:3,262,1,0
BRDA:3,263,0,0
BRDA:3,263,1,0
BRDA:3,264,0,0
BRDA:3,264,1,0
BRDA:3,265,0,0
BRDA:3,265,1,0
BRDA:3,266,0,0
BRDA:3,266,1,0
BRDA:3,267,0,0
BRDA:3,267,1,0
BRDA:3,268,0,0
BRDA:3,268,1,0
BRDA:3,269,0,0
BRDA:3,269,1,0
BRDA:3,270,0,0
BRDA:3,270,1,0
BRDA:3,271,0,0
BRDA:3,271,1,0
BRDA:3,272,0,0
BRDA:3,272,1,0
BRDA:3,273,0,0
BRDA:3,273,1,0
BRDA:3,274,0,0
BRDA:3,274,1,0
BRDA:3,274,2,0
BRDA:3,275,0,0
BRDA:3,275,1,0
BRDA:3,276,0,0
BRDA:3,276,1,0
BRDA:3,277,0,0
BRDA:3,277,1,0
BRDA:3,278,0,0
BRDA:3,278,1,0
BRDA:3,279,0,0
BRDA:3,279,1,0
BRDA:3,280,0,0
BRDA:3,280,1,0
BRDA:3,280,2,0
BRDA:3,280,3,0
BRDA:3,281,0,0
BRDA:3,281,1,0
BRDA:3,282,0,0
BRDA:3,282,1,0
BRDA:3,283,0,0
BRDA:3,283,1,0
BRDA:3,284,0,0
BRDA:3,284,1,0
BRDA:3,284,2,0
BRDA:3,285,0,0
BRDA:3,285,1,0
BRDA:3,286,0,0
BRDA:3,286,1,0
BRDA:3,287,0,0
BRDA:3,287,1,0
BRDA:3,288,0,0
BRDA:3,288,1,0
BRDA:3,289,0,0
BRDA:3,289,1,0
BRDA:3,290,0,0
BRDA:3,290,1,0
BRDA:3,291,0,0
BRDA:3,291,1,0
BRDA:3,292,0,0
BRDA:3,292,1,0
BRDA:3,293,0,0
BRDA:3,293,1,0
BRDA:3,294,0,0
BRDA:3,294,1,0
BRDA:3,295,0,0
BRDA:3,295,1,0
BRDA:3,296,0,0
BRDA:3,296,1,0
BRDA:3,297,0,0
BRDA:3,297,1,0
BRDA:3,298,0,0
BRDA:3,298,1,0
BRDA:3,299,0,0
BRDA:3,299,1,0
BRDA:3,300,0,0
BRDA:3,300,1,0
BRDA:3,301,0,0
BRDA:3,301,1,0
BRDA:3,302,0,0
BRDA:3,302,1,0
BRDA:3,303,0,0
BRDA:3,303,1,0
BRDA:3,303,2,0
BRDA:3,304,0,0
BRDA:3,304,1,0
BRDA:3,305,0,0
BRDA:3,305,1,0
BRDA:3,306,0,0
BRDA:3,306,1,0
BRDA:3,307,0,0
BRDA:3,307,1,0
BRDA:3,308,0,0
BRDA:3,308,1,0
BRDA:3,309,0,0
BRDA:3,309,1,0
BRDA:3,310,0,0
BRDA:3,310,1,0
BRDA:3,311,0,0
BRDA:3,311,1,0
BRDA:3,312,0,0
BRDA:3,312,1,0
BRDA:3,313,0,0
BRDA:3,313,1,0
BRDA:3,314,0,0
BRDA:3,314,1,0
BRDA:3,315,0,0
BRDA:3,315,1,0
BRDA:3,316,0,0
BRDA:3,316,1,0
BRDA:3,317,0,0
BRDA:3,317,1,0
BRDA:3,318,0,0
BRDA:3,318,1,0
BRDA:3,319,0,0
BRDA:3,319,1,0
BRDA:3,320,0,0
BRDA:3,320,1,0
BRDA:3,321,0,0
BRDA:3,321,1,0
BRDA:3,321,2,0
BRDA:3,322,0,0
BRDA:3,322,1,0
BRDA:3,323,0,0
BRDA:3,323,1,0
BRDA:3,324,0,0
BRDA:3,324,1,0
BRDA:3,325,0,0
BRDA:3,325,1,0
BRDA:3,326,0,0
BRDA:3,326,1,0
BRDA:3,327,0,0
BRDA:3,327,1,0
BRDA:3,328,0,0
BRDA:3,328,1,0
BRDA:3,329,0,0
BRDA:3,329,1,0
BRDA:3,330,0,0
BRDA:3,330,1,0
BRDA:3,331,0,0
BRDA:3,331,1,0
BRDA:3,332,0,0
BRDA:3,332,1,0
BRDA:3,333,0,0
BRDA:3,333,1,0
BRDA:3,334,0,0
BRDA:3,334,1,0
BRDA:3,334,2,0
BRDA:3,335,0,0
BRDA:3,335,1,0
BRDA:3,336,0,0
BRDA:3,336,1,0
BRDA:3,337,0,0
BRDA:3,337,1,0
BRDA:3,338,0,0
BRDA:3,338,1,0
BRDA:3,339,0,0
BRDA:3,339,1,0
BRDA:3,340,0,0
BRDA:3,340,1,0
BRDA:3,341,0,0
BRDA:3,341,1,0
BRDA:3,342,0,0
BRDA:3,342,1,0
BRDA:3,343,0,0
BRDA:3,343,1,0
BRDA:3,344,0,0
BRDA:3,344,1,0
BRDA:3,345,0,0
BRDA:3,345,1,0
BRDA:3,346,0,0
BRDA:3,346,1,0
BRDA:3,346,2,0
BRDA:3,347,0,0
BRDA:3,347,1,0
BRDA:3,348,0,0
BRDA:3,348,1,0
BRDA:3,349,0,0
BRDA:3,349,1,0
BRDA:3,350,0,0
BRDA:3,350,1,0
BRDA:3,351,0,0
BRDA:3,351,1,0
BRDA:3,352,0,0
BRDA:3,352,1,0
BRDA:3,353,0,0
BRDA:3,353,1,0
BRDA:3,354,0,0
BRDA:3,354,1,0
BRDA:3,355,0,0
BRDA:3,355,1,0
BRDA:3,356,0,0
BRDA:3,356,1,0
BRDA:3,357,0,0
BRDA:3,357,1,0
BRDA:3,358,0,0
BRDA:3,358,1,0
BRDA:3,359,0,0
BRDA:3,359,1,0
BRDA:3,360,0,0
BRDA:3,360,1,0
BRDA:3,361,0,0
BRDA:3,361,1,0
BRDA:3,362,0,0
BRDA:3,362,1,0
BRDA:3,363,0,0
BRDA:3,363,1,0
BRDA:3,364,0,0
BRDA:3,364,1,0
BRDA:3,365,0,0
BRDA:3,365,1,0
BRDA:3,366,0,0
BRDA:3,366,1,0
BRDA:3,367,0,0
BRDA:3,367,1,0
BRDA:3,368,0,0
BRDA:3,368,1,0
BRDA:3,369,0,0
BRDA:3,369,1,0
BRDA:3,370,0,0
BRDA:3,370,1,0
BRDA:4,371,0,0
BRDA:4,371,1,0
BRDA:4,372,0,0
BRDA:4,372,1,0
BRDA:4,373,0,0
BRDA:4,373,1,0
BRDA:4,374,0,0
BRDA:4,374,1,0
BRDA:4,374,2,0
BRDA:4,375,0,0
BRDA:4,375,1,0
BRDA:4,376,0,0
BRDA:4,376,1,0
BRDA:4,376,2,0
BRDA:4,377,0,0
BRDA:4,377,1,0
BRDA:4,378,0,0
BRDA:4,378,1,0
BRDA:4,379,0,0
BRDA:4,379,1,0
BRDA:4,380,0,0
BRDA:4,380,1,0
BRDA:4,381,0,0
BRDA:4,381,1,0
BRDA:4,382,0,0
BRDA:4,382,1,0
BRDA:4,383,0,0
BRDA:4,383,1,0
BRDA:4,384,0,0
BRDA:4,384,1,0
BRDA:4,385,0,0
BRDA:4,385,1,0
BRDA:4,386,0,0
BRDA:4,386,1,0
BRDA:4,387,0,0
BRDA:4,387,1,0
BRDA:4,388,0,0
BRDA:4,388,1,0
BRDA:4,389,0,0
BRDA:4,389,1,0
BRDA:4,390,0,0
BRDA:4,390,1,0
BRDA:4,391,0,0
BRDA:4,391,1,0
BRDA:4,392,0,0
BRDA:4,392,1,0
BRDA:4,393,0,0
BRDA:4,393,1,0
BRDA:4,394,0,0
BRDA:4,394,1,0
BRDA:4,395,0,0
BRDA:4,395,1,0
BRDA:4,396,0,0
BRDA:4,396,1,0
BRDA:4,397,0,0
BRDA:4,397,1,0
BRDA:4,398,0,0
BRDA:4,398,1,0
BRDA:4,399,0,0
BRDA:4,399,1,0
BRDA:4,399,2,0
BRDA:4,400,0,0
BRDA:4,400,1,0
BRDA:4,401,0,0
BRDA:4,401,1,0
BRDA:4,402,0,0
BRDA:4,402,1,0
BRDA:4,403,0,0
BRDA:4,403,1,0
BRDA:4,404,0,0
BRDA:4,404,1,0
BRDA:4,405,0,0
BRDA:4,405,1,0
BRDA:4,406,0,0
BRDA:4,406,1,0
BRDA:4,407,0,0
BRDA:4,407,1,0
BRDA:4,408,0,0
BRDA:4,408,1,0
BRDA:4,409,0,0
BRDA:4,409,1,0
BRDA:4,410,0,0
BRDA:4,410,1,0
BRDA:4,411,0,0
BRDA:4,411,1,0
BRDA:4,412,0,0
BRDA:4,412,1,0
BRDA:4,413,0,0
BRDA:4,413,1,0
BRDA:4,414,0,0
BRDA:4,414,1,0
BRDA:4,415,0,0
BRDA:4,415,1,0
BRDA:4,416,0,0
BRDA:4,416,1,0
BRDA:4,417,0,0
BRDA:4,417,1,0
BRDA:4,418,0,0
BRDA:4,418,1,0
BRDA:4,419,0,0
BRDA:4,419,1,0
BRDA:4,420,0,0
BRDA:4,420,1,0
BRDA:4,421,0,0
BRDA:4,421,1,0
BRDA:4,422,0,0
BRDA:4,422,1,0
BRDA:4,423,0,0
BRDA:4,423,1,0
BRDA:4,423,2,0
BRDA:4,424,0,0
BRDA:4,424,1,0
BRDA:4,425,0,0
BRDA:4,425,1,0
BRDA:4,426,0,0
BRDA:4,426,1,0
BRDA:4,427,0,0
BRDA:4,427,1,0
BRDA:4,428,0,0
BRDA:4,428,1,0
BRDA:4,429,0,0
BRDA:4,429,1,0
BRDA:4,430,0,0
BRDA:4,430,1,0
BRDA:4,431,0,0
BRDA:4,431,1,0
BRDA:4,432,0,0
BRDA:4,432,1,0
BRDA:4,433,0,0
BRDA:4,433,1,0
BRDA:4,434,0,0
BRDA:4,434,1,0
BRDA:4,435,0,0
BRDA:4,435,1,0
BRDA:4,436,0,0
BRDA:4,436,1,0
BRDA:4,437,0,0
BRDA:4,437,1,0
BRDA:4,438,0,0
BRDA:4,438,1,0
BRDA:4,439,0,0
BRDA:4,439,1,0
BRDA:4,440,0,0
BRDA:4,440,1,0
BRDA:4,441,0,0
BRDA:4,441,1,0
BRDA:4,442,0,0
BRDA:4,442,1,0
BRDA:4,443,0,0
BRDA:4,443,1,0
BRDA:4,444,0,0
BRDA:4,444,1,0
BRDA:4,445,0,0
BRDA:4,445,1,0
BRDA:4,446,0,0
BRDA:4,446,1,0
BRDA:4,447,0,0
BRDA:4,447,1,0
BRDA:4,448,0,0
BRDA:4,448,1,0
BRDA:4,449,0,0
BRDA:4,449,1,0
BRDA:4,450,0,0
BRDA:4,450,1,0
BRDA:4,451,0,0
BRDA:4,451,1,0
BRDA:4,452,0,0
BRDA:4,452,1,0
BRDA:4,453,0,0
BRDA:4,453,1,0
BRDA:4,454,0,0
BRDA:4,454,1,0
BRDA:4,454,2,0
BRDA:4,455,0,0
BRDA:4,455,1,0
BRDA:4,456,0,0
BRDA:4,456,1,0
BRDA:4,456,2,0
BRDA:4,457,0,0
BRDA:4,457,1,0
BRDA:4,458,0,0
BRDA:4,458,1,0
BRDA:4,459,0,0
BRDA:4,459,1,0
BRDA:4,459,2,0
BRDA:4,460,0,0
BRDA:4,460,1,0
BRDA:4,461,0,0
BRDA:4,461,1,0
BRDA:4,462,0,0
BRDA:4,462,1,0
BRDA:4,462,2,0
BRDA:4,462,3,0
BRDA:4,462,4,0
BRDA:4,462,5,0
BRDA:4,463,0,0
BRDA:4,463,1,0
BRDA:4,464,0,0
BRDA:4,464,1,0
BRDA:4,465,0,0
BRDA:4,465,1,0
BRDA:4,466,0,0
BRDA:4,466,1,0
BRDA:4,467,0,0
BRDA:4,467,1,0
BRDA:4,468,0,0
BRDA:4,468,1,0
BRDA:4,468,2,0
BRDA:4,469,0,0
BRDA:4,469,1,0
BRDA:4,469,2,0
BRDA:4,470,0,0
BRDA:4,470,1,0
BRDA:4,471,0,0
BRDA:4,471,1,0
BRDA:4,472,0,0
BRDA:4,472,1,0
BRDA:4,473,0,0
BRDA:4,473,1,0
BRDA:4,474,0,0
BRDA:4,474,1,0
BRDA:4,475,0,0
BRDA:4,475,1,0
BRDA:4,476,0,0
BRDA:4,476,1,0
BRDA:4,477,0,0
BRDA:4,477,1,0
BRDA:4,478,0,0
BRDA:4,478,1,0
BRDA:4,479,0,0
BRDA:4,479,1,0
BRDA:4,480,0,0
BRDA:4,480,1,0
BRDA:4,481,0,0
BRDA:4,481,1,0
BRDA:4,482,0,0
BRDA:4,482,1,0
BRDA:4,483,0,0
BRDA:4,483,1,0
BRDA:4,484,0,0
BRDA:4,484,1,0
BRDA:4,485,0,0
BRDA:4,485,1,0
BRDA:4,486,0,0
BRDA:4,486,1,0
BRDA:4,487,0,0
BRDA:4,487,1,0
BRDA:4,487,2,0
BRDA:4,488,0,0
BRDA:4,488,1,0
BRDA:4,488,2,0
BRDA:4,489,0,0
BRDA:4,489,1,0
BRDA:4,489,2,0
BRDA:4,490,0,0
BRDA:4,490,1,0
BRDA:4,490,2,0
BRDA:4,491,0,0
BRDA:4,491,1,0
BRDA:4,492,0,0
BRDA:4,492,1,0
BRDA:4,493,0,0
BRDA:4,493,1,0
BRDA:4,494,0,0
BRDA:4,494,1,0
BRDA:4,495,0,0
BRDA:4,495,1,0
BRDA:4,496,0,0
BRDA:4,496,1,0
BRDA:4,497,0,0
BRDA:4,497,1,0
BRDA:4,498,0,0
BRDA:4,498,1,0
BRDA:4,499,0,0
BRDA:4,499,1,0
BRDA:4,500,0,0
BRDA:4,500,1,0
BRDA:4,501,0,0
BRDA:4,501,1,0
BRDA:4,502,0,0
BRDA:4,502,1,0
BRDA:4,503,0,0
BRDA:4,503,1,0
BRDA:4,504,0,0
BRDA:4,504,1,0
BRDA:4,505,0,0
BRDA:4,505,1,0
BRDA:4,506,0,0
BRDA:4,506,1,0
BRDA:4,507,0,0
BRDA:4,507,1,0
BRDA:4,508,0,0
BRDA:4,508,1,0
BRDA:4,509,0,0
BRDA:4,509,1,0
BRDA:4,510,0,0
BRDA:4,510,1,0
BRDA:4,511,0,0
BRDA:4,511,1,0
BRDA:4,512,0,0
BRDA:4,512,1,0
BRDA:4,513,0,0
BRDA:4,513,1,0
BRDA:4,514,0,0
BRDA:4,514,1,0
BRDA:4,515,0,0
BRDA:4,515,1,0
BRDA:4,516,0,0
BRDA:4,516,1,0
BRDA:4,517,0,0
BRDA:4,517,1,0
BRDA:4,518,0,0
BRDA:4,518,1,0
BRDA:4,519,0,0
BRDA:4,519,1,0
BRDA:4,520,0,0
BRDA:4,520,1,0
BRDA:4,521,0,0
BRDA:4,521,1,0
BRDA:4,522,0,0
BRDA:4,522,1,0
BRDA:4,523,0,0
BRDA:4,523,1,0
BRDA:4,524,0,0
BRDA:4,524,1,0
BRDA:4,525,0,0
BRDA:4,525,1,0
BRDA:4,526,0,0
BRDA:4,526,1,0
BRDA:4,527,0,0
BRDA:4,527,1,0
BRDA:4,528,0,0
BRDA:4,528,1,0
BRDA:4,529,0,0
BRDA:4,529,1,0
BRDA:4,530,0,0
BRDA:4,530,1,0
BRDA:4,531,0,0
BRDA:4,531,1,0
BRDA:4,532,0,0
BRDA:4,532,1,0
BRDA:4,533,0,0
BRDA:4,533,1,0
BRDA:4,534,0,0
BRDA:4,534,1,0
BRDA:4,535,0,0
BRDA:4,535,1,0
BRDA:4,536,0,0
BRDA:4,536,1,0
BRDA:4,537,0,0
BRDA:4,537,1,0
BRDA:4,538,0,0
BRDA:4,538,1,0
BRDA:4,539,0,0
BRDA:4,539,1,0
BRDA:4,539,2,0
BRDA:4,539,3,0
BRDA:4,539,4,0
BRDA:4,540,0,0
BRDA:4,540,1,0
BRDA:4,541,0,0
BRDA:4,541,1,0
BRDA:4,542,0,0
BRDA:4,542,1,0
BRDA:4,543,0,0
BRDA:4,543,1,0
BRDA:4,544,0,0
BRDA:4,544,1,0
BRDA:4,545,0,0
BRDA:4,545,1,0
BRDA:4,546,0,0
BRDA:4,546,1,0
BRDA:4,547,0,0
BRDA:4,547,1,0
BRDA:4,548,0,0
BRDA:4,548,1,0
BRDA:4,549,0,0
BRDA:4,549,1,0
BRDA:4,550,0,0
BRDA:4,550,1,0
BRDA:4,551,0,0
BRDA:4,551,1,0
BRDA:4,552,0,0
BRDA:4,552,1,0
BRDA:4,553,0,0
BRDA:4,553,1,0
BRDA:4,554,0,0
BRDA:4,554,1,0
BRDA:4,555,0,0
BRDA:4,555,1,0
BRDA:4,555,2,0
BRDA:4,556,0,0
BRDA:4,556,1,0
BRDA:4,557,0,0
BRDA:4,557,1,0
BRDA:4,557,2,0
BRDA:4,558,0,0
BRDA:4,558,1,0
BRDA:4,559,0,0
BRDA:4,559,1,0
BRDA:4,560,0,0
BRDA:4,560,1,0
BRDA:4,560,2,0
BRDA:4,561,0,0
BRDA:4,561,1,0
BRDA:4,562,0,0
BRDA:4,562,1,0
BRDA:4,563,0,0
BRDA:4,563,1,0
BRDA:4,564,0,0
BRDA:4,564,1,0
BRDA:4,565,0,0
BRDA:4,565,1,0
BRDA:4,566,0,0
BRDA:4,566,1,0
BRDA:4,567,0,0
BRDA:4,567,1,0
BRDA:4,568,0,0
BRDA:4,568,1,0
BRDA:4,569,0,0
BRDA:4,569,1,0
BRDA:4,570,0,0
BRDA:4,570,1,0
BRDA:4,571,0,0
BRDA:4,571,1,0
BRDA:4,572,0,0
BRDA:4,572,1,0
BRDA:4,573,0,0
BRDA:4,573,1,0
BRDA:4,574,0,0
BRDA:4,574,1,0
BRDA:4,575,0,0
BRDA:4,575,1,0
BRDA:4,576,0,0
BRDA:4,576,1,0
BRDA:4,576,2,0
BRDA:4,577,0,0
BRDA:4,577,1,0
BRDA:4,578,0,0
BRDA:4,578,1,0
BRDA:4,579,0,0
BRDA:4,579,1,0
BRDA:4,580,0,0
BRDA:4,580,1,0
BRDA:4,581,0,0
BRDA:4,581,1,0
BRDA:4,582,0,0
BRDA:4,582,1,0
BRDA:4,583,0,0
BRDA:4,583,1,0
BRDA:4,584,0,0
BRDA:4,584,1,0
BRDA:4,585,0,0
BRDA:4,585,1,0
BRDA:4,585,2,0
BRDA:4,586,0,0
BRDA:4,586,1,0
BRDA:4,587,0,0
BRDA:4,587,1,0
BRDA:4,588,0,0
BRDA:4,588,1,0
BRDA:4,589,0,0
BRDA:4,589,1,0
BRDA:4,590,0,0
BRDA:4,590,1,0
BRDA:4,591,0,0
BRDA:4,591,1,0
BRDA:4,592,0,0
BRDA:4,592,1,0
BRDA:4,593,0,0
BRDA:4,593,1,0
BRDA:4,594,0,0
BRDA:4,594,1,0
BRDA:4,595,0,0
BRDA:4,595,1,0
BRDA:4,596,0,0
BRDA:4,596,1,0
BRDA:4,597,0,0
BRDA:4,597,1,0
BRDA:4,598,0,0
BRDA:4,598,1,0
BRDA:4,599,0,0
BRDA:4,599,1,0
BRDA:4,600,0,0
BRDA:4,600,1,0
BRDA:4,601,0,0
BRDA:4,601,1,0
BRDA:4,602,0,0
BRDA:4,602,1,0
BRDA:4,603,0,0
BRDA:4,603,1,0
BRDA:4,604,0,0
BRDA:4,604,1,0
BRDA:4,605,0,0
BRDA:4,605,1,0
BRDA:4,605,2,0
BRDA:4,606,0,0
BRDA:4,606,1,0
BRDA:4,607,0,0
BRDA:4,607,1,0
BRDA:4,607,2,0
BRDA:4,608,0,0
BRDA:4,608,1,0
BRDA:4,609,0,0
BRDA:4,609,1,0
BRDA:4,610,0,0
BRDA:4,610,1,0
BRDA:4,610,2,0
BRDA:4,611,0,0
BRDA:4,611,1,0
BRDA:4,612,0,0
BRDA:4,612,1,0
BRDA:4,613,0,0
BRDA:4,613,1,0
BRDA:4,614,0,0
BRDA:4,614,1,0
BRDA:4,615,0,0
BRDA:4,615,1,0
BRDA:4,616,0,0
BRDA:4,616,1,0
BRDA:4,617,0,0
BRDA:4,617,1,0
BRDA:4,618,0,0
BRDA:4,618,1,0
BRDA:4,619,0,0
BRDA:4,619,1,0
BRDA:4,620,0,0
BRDA:4,620,1,0
BRDA:4,621,0,0
BRDA:4,621,1,0
BRDA:4,622,0,0
BRDA:4,622,1,0
BRDA:4,623,0,0
BRDA:4,623,1,0
BRDA:4,624,0,0
BRDA:4,624,1,0
BRDA:4,625,0,0
BRDA:4,625,1,0
BRDA:4,626,0,0
BRDA:4,626,1,0
BRDA:4,627,0,0
BRDA:4,627,1,0
BRDA:4,628,0,0
BRDA:4,628,1,0
BRDA:4,629,0,0
BRDA:4,629,1,0
BRDA:4,630,0,0
BRDA:4,630,1,0
BRDA:4,631,0,0
BRDA:4,631,1,0
BRDA:4,632,0,0
BRDA:4,632,1,0
BRDA:4,633,0,0
BRDA:4,633,1,0
BRDA:4,634,0,0
BRDA:4,634,1,0
BRDA:4,635,0,0
BRDA:4,635,1,0
BRDA:4,636,0,0
BRDA:4,636,1,0
BRDA:4,637,0,0
BRDA:4,637,1,0
BRDA:4,638,0,0
BRDA:4,638,1,0
BRDA:4,639,0,0
BRDA:4,639,1,0
BRDA:4,640,0,0
BRDA:4,640,1,0
BRDA:4,640,2,0
BRDA:4,640,3,0
BRDA:4,640,4,0
BRDA:4,640,5,0
BRDA:4,640,6,0
BRDA:4,640,7,0
BRDA:4,640,8,0
BRDA:4,640,9,0
BRDA:4,640,10,0
BRDA:4,640,11,0
BRDA:4,640,12,0
BRDA:4,640,13,0
BRDA:4,640,14,0
BRDA:4,640,15,0
BRDA:4,640,16,0
BRDA:4,640,17,0
BRDA:4,640,18,0
BRDA:4,640,19,0
BRDA:4,640,20,0
BRDA:4,640,21,0
BRDA:4,641,0,0
BRDA:4,641,1,0
BRDA:4,642,0,0
BRDA:4,642,1,0
BRDA:4,643,0,0
BRDA:4,643,1,0
BRDA:4,644,0,0
BRDA:4,644,1,0
BRDA:4,645,0,0
BRDA:4,645,1,0
BRDA:4,646,0,0
BRDA:4,646,1,0
BRDA:4,647,0,0
BRDA:4,647,1,0
BRDA:4,648,0,0
BRDA:4,648,1,0
BRDA:4,649,0,0
BRDA:4,649,1,0
BRDA:4,650,0,0
BRDA:4,650,1,0
BRDA:4,651,0,0
BRDA:4,651,1,0
BRDA:4,652,0,0
BRDA:4,652,1,0
BRDA:4,653,0,0
BRDA:4,653,1,0
BRDA:4,654,0,0
BRDA:4,654,1,0
BRDA:4,655,0,0
BRDA:4,655,1,0
BRDA:4,656,0,0
BRDA:4,656,1,0
BRDA:4,657,0,0
BRDA:4,657,1,0
BRDA:4,658,0,0
BRDA:4,658,1,0
BRDA:4,659,0,0
BRDA:4,659,1,0
BRDA:4,660,0,0
BRDA:4,660,1,0
BRDA:4,661,0,0
BRDA:4,661,1,0
BRDA:4,662,0,0
BRDA:4,662,1,0
BRDA:4,663,0,0
BRDA:4,663,1,0
BRDA:4,664,0,0
BRDA:4,664,1,0
BRDA:4,665,0,0
BRDA:4,665,1,0
BRDA:4,666,0,0
BRDA:4,666,1,0
BRDA:4,667,0,0
BRDA:4,667,1,0
BRDA:4,668,0,0
BRDA:4,668,1,0
BRDA:4,669,0,0
BRDA:4,669,1,0
BRDA:4,670,0,0
BRDA:4,670,1,0
BRDA:4,671,0,0
BRDA:4,671,1,0
BRDA:4,672,0,0
BRDA:4,672,1,0
BRDA:4,673,0,0
BRDA:4,673,1,0
BRDA:4,674,0,0
BRDA:4,674,1,0
BRDA:4,675,0,0
BRDA:4,675,1,0
BRDA:4,676,0,0
BRDA:4,676,1,0
BRDA:4,677,0,0
BRDA:4,677,1,0
BRDA:4,678,0,0
BRDA:4,678,1,0
BRDA:4,679,0,0
BRDA:4,679,1,0
BRDA:4,680,0,0
BRDA:4,680,1,0
BRDA:4,681,0,0
BRDA:4,681,1,0
BRDA:4,682,0,0
BRDA:4,682,1,0
BRDA:4,683,0,0
BRDA:4,683,1,0
BRDA:4,684,0,0
BRDA:4,684,1,0
BRDA:4,685,0,0
BRDA:4,685,1,0
BRDA:4,686,0,0
BRDA:4,686,1,0
BRDA:4,687,0,0
BRDA:4,687,1,0
BRDA:4,688,0,0
BRDA:4,688,1,0
BRDA:4,689,0,0
BRDA:4,689,1,0
BRDA:4,690,0,0
BRDA:4,690,1,0
BRDA:4,690,2,0
BRDA:4,690,3,0
BRDA:4,690,4,0
BRDA:4,690,5,0
BRDA:4,690,6,0
BRDA:4,691,0,0
BRDA:4,691,1,0
BRDA:4,692,0,0
BRDA:4,692,1,0
BRDA:4,693,0,0
BRDA:4,693,1,0
BRDA:4,694,0,0
BRDA:4,694,1,0
BRDA:4,695,0,0
BRDA:4,695,1,0
BRDA:4,696,0,0
BRDA:4,696,1,0
BRDA:4,697,0,0
BRDA:4,697,1,0
BRDA:4,698,0,0
BRDA:4,698,1,0
BRDA:4,699,0,0
BRDA:4,699,1,0
BRDA:4,699,2,0
BRDA:4,700,0,0
BRDA:4,700,1,0
BRDA:4,700,2,0
BRDA:4,701,0,0
BRDA:4,701,1,0
BRDA:4,702,0,0
BRDA:4,702,1,0
BRDA:4,703,0,0
BRDA:4,703,1,0
BRDA:4,703,2,0
BRDA:4,703,3,0
BRDA:4,703,4,0
BRDA:4,704,0,0
BRDA:4,704,1,0
BRDA:4,705,0,0
BRDA:4,705,1,0
BRDA:4,705,2,0
BRDA:4,705,3,0
BRDA:4,706,0,0
BRDA:4,706,1,0
BRDA:4,707,0,0
BRDA:4,707,1,0
BRDA:4,708,0,0
BRDA:4,708,1,0
BRDA:4,709,0,0
BRDA:4,709,1,0
BRDA:4,709,2,0
BRDA:4,709,3,0
BRDA:4,710,0,0
BRDA:4,710,1,0
BRDA:4,711,0,0
BRDA:4,711,1,0
BRDA:4,712,0,0
BRDA:4,712,1,0
BRF:1516
BRH:0
end_of_record
TN:
SF:/Users/lgy/Documents/Own/gyblog-wxapp/plugins/wemark/wemark.js
FN:6,parse
FN:36,(anonymous_1)
FN:62,(anonymous_2)
FN:87,(anonymous_3)
FN:154,(anonymous_4)
FN:159,(anonymous_5)
FN:164,(anonymous_6)
FN:167,(anonymous_7)
FNF:8
FNH:0
FNDA:0,parse
FNDA:0,(anonymous_1)
FNDA:0,(anonymous_2)
FNDA:0,(anonymous_3)
FNDA:0,(anonymous_4)
FNDA:0,(anonymous_5)
FNDA:0,(anonymous_6)
FNDA:0,(anonymous_7)
DA:1,0
DA:2,0
DA:8,0
DA:9,0
DA:16,0
DA:19,0
DA:21,0
DA:23,0
DA:28,0
DA:30,0
DA:32,0
DA:36,0
DA:37,0
DA:40,0
DA:43,0
DA:46,0
DA:47,0
DA:48,0
DA:49,0
DA:54,0
DA:55,0
DA:58,0
DA:62,0
DA:63,0
DA:64,0
DA:68,0
DA:69,0
DA:70,0
DA:71,0
DA:72,0
DA:73,0
DA:74,0
DA:75,0
DA:76,0
DA:84,0
DA:87,0
DA:88,0
DA:89,0
DA:90,0
DA:91,0
DA:95,0
DA:96,0
DA:97,0
DA:98,0
DA:99,0
DA:102,0
DA:105,0
DA:106,0
DA:112,0
DA:116,0
DA:117,0
DA:121,0
DA:122,0
DA:123,0
DA:124,0
DA:125,0
DA:126,0
DA:127,0
DA:128,0
DA:129,0
DA:130,0
DA:132,0
DA:133,0
DA:134,0
DA:135,0
DA:136,0
DA:137,0
DA:138,0
DA:139,0
DA:140,0
DA:141,0
DA:142,0
DA:143,0
DA:144,0
DA:145,0
DA:146,0
DA:150,0
DA:151,0
DA:152,0
DA:154,0
DA:156,0
DA:157,0
DA:159,0
DA:164,0
DA:165,0
DA:166,0
DA:167,0
DA:168,0
DA:170,0
DA:171,0
DA:185,0
DA:186,0
DA:187,0
DA:191,0
LF:94
LH:0
BRDA:8,0,0,0
BRDA:8,0,1,0
BRDA:9,1,0,0
BRDA:9,1,1,0
BRDA:40,2,0,0
BRDA:40,2,1,0
BRDA:48,3,0,0
BRDA:48,3,1,0
BRDA:54,4,0,0
BRDA:54,4,1,0
BRDA:63,5,0,0
BRDA:63,5,1,0
BRDA:65,6,0,0
BRDA:65,6,1,0
BRDA:69,7,0,0
BRDA:69,7,1,0
BRDA:71,8,0,0
BRDA:71,8,1,0
BRDA:73,9,0,0
BRDA:73,9,1,0
BRDA:75,10,0,0
BRDA:75,10,1,0
BRDA:88,11,0,0
BRDA:88,11,1,0
BRDA:90,12,0,0
BRDA:90,12,1,0
BRDA:95,13,0,0
BRDA:95,13,1,0
BRDA:98,14,0,0
BRDA:98,14,1,0
BRDA:105,15,0,0
BRDA:105,15,1,0
BRDA:105,16,0,0
BRDA:105,16,1,0
BRDA:116,17,0,0
BRDA:116,17,1,0
BRDA:121,18,0,0
BRDA:121,18,1,0
BRDA:124,19,0,0
BRDA:124,19,1,0
BRDA:127,20,0,0
BRDA:127,20,1,0
BRDA:129,21,0,0
BRDA:129,21,1,0
BRDA:132,22,0,0
BRDA:132,22,1,0
BRDA:134,23,0,0
BRDA:134,23,1,0
BRDA:137,24,0,0
BRDA:137,24,1,0
BRDA:141,25,0,0
BRDA:141,25,1,0
BRDA:143,26,0,0
BRDA:143,26,1,0
BRDA:145,27,0,0
BRDA:145,27,1,0
BRDA:151,28,0,0
BRDA:151,28,1,0
BRDA:156,29,0,0
BRDA:156,29,1,0
BRDA:166,30,0,0
BRDA:166,30,1,0
BRDA:170,31,0,0
BRDA:170,31,1,0
BRF:64
BRH:0
end_of_record
TN:
SF:/Users/lgy/Documents/Own/gyblog-wxapp/utils/util.js
FN:1,formatTime
FN:16,formatNumber
FNF:2
FNH:0
FNDA:0,formatTime
FNDA:0,formatNumber
DA:2,0
DA:3,0
DA:4,0
DA:6,0
DA:7,0
DA:8,0
DA:9,0
DA:10,0
DA:12,0
DA:17,0
DA:18,0
DA:21,0
LF:12
LH:0
BRDA:1,0,0,0
BRDA:9,1,0,0
BRDA:9,1,1,0
BRDA:18,2,0,0
BRDA:18,2,1,0
BRF:5
BRH:0
end_of_record
